2015-11-22 18:13:17,662 - GAS_proj - INFO - Created event: null
2015-11-22 18:17:34,982 - GAS_proj - INFO - Created event: null
2015-11-22 18:20:33,696 - GAS_proj - INFO - Created event: null
2015-11-22 18:20:39,048 - GAS_proj - ERROR - duplicate event
2015-11-22 18:20:41,639 - GAS_proj - ERROR - duplicate event
2015-11-22 18:20:44,064 - GAS_proj - ERROR - duplicate event
2015-11-22 18:23:19,236 - GAS_proj - INFO - Created event: null
2015-11-22 18:25:38,608 - GAS_proj - INFO - Created event: null
2015-11-22 18:29:19,538 - GAS_proj - INFO - Created event: 2d82cfed-a6a3-4cc1-9c3b-2ddd6c18baef
2015-11-22 18:29:25,751 - GAS_proj - ERROR - duplicate event
2015-11-22 18:29:42,564 - GAS_proj - ERROR - duplicate event
2015-11-22 18:29:43,026 - GAS_proj - ERROR - duplicate event
2015-11-22 18:29:43,282 - GAS_proj - ERROR - duplicate event
2015-11-22 18:29:44,459 - GAS_proj - ERROR - duplicate event
2015-11-22 18:52:18,598 - GAS_proj - INFO - Created event: d6085606-dc34-429a-9108-1048609d8dba
2015-12-14 12:59:15,616 - GAS_proj - INFO - New CCMS Scheduled Info B1801001 created successfully
2015-12-14 12:59:15,640 - GAS_proj - ERROR - Cant deserialize event: Wed Nov 18 00:00:00 IST 1970nullnullnull00nullnullnull
2015-12-14 12:59:15,662 - GAS_proj - INFO - Created event: 1BDD8753-9A05-4EB9-A358-261651E26415
2015-12-14 12:59:15,664 - GAS_proj - INFO - Created event: CAE9B09B-47D2-4BB5-A524-7BFCDFD8E3B7
2015-12-14 12:59:15,665 - GAS_proj - INFO - Created event: 6E70ED43-1599-425A-81A3-3CE31D7690E0
2015-12-14 12:59:15,666 - GAS_proj - INFO - Created event: F6E62480-5C19-49F5-99CA-0C55B3BAFC46
2015-12-14 12:59:15,666 - GAS_proj - INFO - New CCMS Scheduled Info B1801003 created successfully
2015-12-14 12:59:15,667 - GAS_proj - ERROR - Cant deserialize event: Wed Nov 18 00:00:00 IST 1970Thu Jan 01 09:00:00 IST 1970Thu Jan 01 09:00:00 IST 1970Thu Jan 01 00:10:00 IST 197013Thu Jan 01 00:00:30 IST 1970RPTC30S16M3Sch.
2015-12-14 12:59:15,668 - GAS_proj - INFO - Created event: 19B1CB29-5663-411E-9F4B-C119782EEAA4
2015-12-14 12:59:15,668 - GAS_proj - INFO - Created event: 15F20F74-AD01-4C15-A1F5-7D1B95F27819
2015-12-14 12:59:15,669 - GAS_proj - INFO - Created event: 53D1E9EA-4456-43AF-ADE7-9C40C77FBB66
2015-12-14 12:59:15,670 - GAS_proj - INFO - Created event: 624BF7B5-ACC7-4A0D-8E75-ACBFFCB62B18
2015-12-14 12:59:15,670 - GAS_proj - INFO - New CCMS Scheduled Info B1801004 created successfully
2015-12-14 12:59:15,671 - GAS_proj - ERROR - Cant deserialize event: Wed Nov 18 00:00:00 IST 1970Thu Jan 01 09:00:00 IST 1970Thu Jan 01 09:00:00 IST 1970Thu Jan 01 00:10:00 IST 197013Thu Jan 01 00:00:30 IST 1970RPTC30S16M3Sch.
2015-12-14 12:59:15,672 - GAS_proj - INFO - Created event: 8F7F1473-E5CE-4BCC-BC9A-74A82D699BB7
2015-12-14 12:59:15,673 - GAS_proj - INFO - Created event: 63EC2564-BB61-4FC3-9E27-CA3A6A99CC3A
2015-12-14 12:59:15,673 - GAS_proj - INFO - Created event: 3B10E3B2-D4D4-4C40-88CB-0C19A719B18D
2015-12-14 12:59:15,674 - GAS_proj - INFO - Created event: 95597169-019A-4DCA-8792-42A4312007CB
2015-12-14 17:47:39,228 - GAS_proj - INFO - New CCMS Scheduled Info B1801001 created successfully
2015-12-14 17:47:56,143 - GAS_proj - ERROR - Cant deserialize event: Wed Nov 18 00:00:00 IST 1970nullnullnull00nullnullnull
2015-12-14 17:48:10,974 - GAS_proj - INFO - Created event: 0255BDE6-6B42-4C53-8D6A-754F4862D86B
2015-12-14 17:48:17,972 - GAS_proj - INFO - Created event: 91E51605-6392-4018-AEFD-3C82E197A1FC
2015-12-14 17:48:17,975 - GAS_proj - INFO - Created event: 79AF863B-D596-4BEC-9D76-8F0637B4CFDC
2015-12-14 17:48:17,978 - GAS_proj - INFO - Created event: 7646DBEC-75BA-4DB0-8581-B14D7A1E03A4
2015-12-14 17:48:17,980 - GAS_proj - INFO - New CCMS Scheduled Info B1801003 created successfully
2015-12-14 17:48:17,982 - GAS_proj - ERROR - Cant deserialize event: Wed Nov 18 00:00:00 IST 1970Thu Jan 01 09:00:00 IST 1970Thu Jan 01 09:00:00 IST 1970Thu Jan 01 00:10:00 IST 197013Thu Jan 01 00:00:30 IST 1970RPTC30S16M3Sch.
2015-12-14 17:48:17,985 - GAS_proj - INFO - Created event: A2549A3D-579D-4785-B7F1-E4E145903439
2015-12-14 17:48:17,988 - GAS_proj - INFO - Created event: B0BFD33C-446C-4260-9722-F36E2FDB0762
2015-12-14 17:48:17,991 - GAS_proj - INFO - Created event: BB89E60F-D3F3-4D43-930F-DAD1737A818C
2015-12-14 17:48:17,995 - GAS_proj - INFO - Created event: 5A55930A-ED5E-4D4C-90D4-2C6361E1FB9D
2015-12-14 17:48:17,996 - GAS_proj - INFO - New CCMS Scheduled Info B1801004 created successfully
2015-12-14 17:48:17,998 - GAS_proj - ERROR - Cant deserialize event: Wed Nov 18 00:00:00 IST 1970Thu Jan 01 09:00:00 IST 1970Thu Jan 01 09:00:00 IST 1970Thu Jan 01 00:10:00 IST 197013Thu Jan 01 00:00:30 IST 1970RPTC30S16M3Sch.
2015-12-14 17:48:18,001 - GAS_proj - INFO - Created event: BA146B1B-C047-4026-8E56-B710694376CB
2015-12-14 17:48:18,003 - GAS_proj - INFO - Created event: 34142E7A-6C52-4974-B885-E0A1E63DED60
2015-12-14 17:48:18,004 - GAS_proj - INFO - Created event: 161338F3-68B3-4C52-A095-CE9A26C9F798
2015-12-14 17:48:18,006 - GAS_proj - INFO - Created event: 77AFA261-25CF-4CA5-81DD-E15098178037
2015-12-14 18:06:09,721 - GAS_proj - INFO - New CCMS Scheduled Info B1801001 created successfully
2015-12-14 18:06:09,728 - GAS_proj - ERROR - Cant deserialize event: Wed Nov 18 00:00:00 IST 1970nullnullnull00nullnullnull
2015-12-14 18:06:09,736 - GAS_proj - INFO - Created event: 670E40E6-8026-4EE9-AB95-2CE2F92A9389
2015-12-14 18:06:09,739 - GAS_proj - INFO - Created event: B4FFD37A-85ED-4046-827E-B9C690CA39D8
2015-12-14 18:06:09,743 - GAS_proj - INFO - Created event: 99C1D0CD-AC7A-4D85-996A-6211B9280B12
2015-12-14 18:06:09,746 - GAS_proj - INFO - Created event: 50F0C0C6-14EC-4FDF-A635-FFFA6227117A
2015-12-14 18:06:09,749 - GAS_proj - INFO - New CCMS Scheduled Info B1801003 created successfully
2015-12-14 18:06:09,750 - GAS_proj - ERROR - Cant deserialize event: Wed Nov 18 00:00:00 IST 1970Thu Jan 01 09:00:00 IST 1970Thu Jan 01 09:00:00 IST 1970Thu Jan 01 00:10:00 IST 197013Thu Jan 01 00:00:30 IST 1970RPTC30S16M3Sch.
2015-12-14 18:06:09,755 - GAS_proj - INFO - Created event: 3306F5C4-137A-4763-A3B1-3E28986C9990
2015-12-14 18:06:09,757 - GAS_proj - INFO - Created event: A8AC662A-847D-4AE1-8A25-79E0A1F1719F
2015-12-14 18:06:09,758 - GAS_proj - INFO - Created event: E6C47605-F8D3-469C-9401-1AE4A52A4FE0
2015-12-14 18:06:09,759 - GAS_proj - INFO - Created event: 2EE83A3C-F7E9-4523-B2A4-C353F05B1A2B
2015-12-14 18:06:09,759 - GAS_proj - INFO - New CCMS Scheduled Info B1801004 created successfully
2015-12-14 18:06:09,760 - GAS_proj - ERROR - Cant deserialize event: Wed Nov 18 00:00:00 IST 1970Thu Jan 01 09:00:00 IST 1970Thu Jan 01 09:00:00 IST 1970Thu Jan 01 00:10:00 IST 197013Thu Jan 01 00:00:30 IST 1970RPTC30S16M3Sch.
2015-12-14 18:06:09,761 - GAS_proj - INFO - Created event: 2FA34764-925C-40A6-AE29-53D562694256
2015-12-14 18:06:09,763 - GAS_proj - INFO - Created event: C99FCEA7-8DA9-47ED-9754-D6626A4F7F69
2015-12-14 18:06:09,764 - GAS_proj - INFO - Created event: EA622440-A607-4538-9488-BB4B2FD2F46E
2015-12-14 18:06:09,765 - GAS_proj - INFO - Created event: 59768D89-DB28-43A6-9F79-FE91E30AB46B
2015-12-15 11:16:17,216 - GAS_proj - INFO - New CCMS Scheduled Info B1801001 created successfully
2015-12-15 11:16:24,540 - GAS_proj - ERROR - Cant deserialize event: Wed Nov 18 00:00:00 IST 1970nullnullnull00nullnullnull
2015-12-15 11:16:24,581 - GAS_proj - INFO - Created event: 9A038442-9AD0-4BC0-B147-9914573D83E3
2015-12-15 11:16:24,583 - GAS_proj - INFO - Created event: CB672515-5570-4382-A49A-777ED8DD43EE
2015-12-15 11:16:24,586 - GAS_proj - INFO - Created event: 96130B29-E2A7-48F5-92E8-A32D9F7DE512
2015-12-15 11:16:24,588 - GAS_proj - INFO - Created event: CFC22C26-D665-4C38-96D3-D303FA8E2807
2015-12-15 11:16:24,589 - GAS_proj - INFO - New CCMS Scheduled Info B1801003 created successfully
2015-12-15 11:16:24,590 - GAS_proj - ERROR - Cant deserialize event: Wed Nov 18 00:00:00 IST 1970Thu Jan 01 09:00:00 IST 1970Thu Jan 01 09:00:00 IST 1970Thu Jan 01 00:10:00 IST 197013Thu Jan 01 00:00:30 IST 1970RPTC30S16M3Sch.
2015-12-15 11:16:24,592 - GAS_proj - INFO - Created event: B22CD800-C566-4DB6-93A5-34334894F0D4
2015-12-15 11:16:24,593 - GAS_proj - INFO - Created event: 5C0D9C05-B2EF-4169-8840-DBFFE55C6686
2015-12-15 11:16:24,595 - GAS_proj - INFO - Created event: 2544CDED-155A-4884-883F-4E6F7E08792E
2015-12-15 11:16:24,596 - GAS_proj - INFO - Created event: DE10BF1F-9A57-4EA2-B4A5-63865357A2E2
2015-12-15 11:16:24,597 - GAS_proj - INFO - New CCMS Scheduled Info B1801004 created successfully
2015-12-15 11:16:24,598 - GAS_proj - ERROR - Cant deserialize event: Wed Nov 18 00:00:00 IST 1970Thu Jan 01 09:00:00 IST 1970Thu Jan 01 09:00:00 IST 1970Thu Jan 01 00:10:00 IST 197013Thu Jan 01 00:00:30 IST 1970RPTC30S16M3Sch.
2015-12-15 11:16:24,599 - GAS_proj - INFO - Created event: 90B6934F-F5E6-44FB-B300-0E0D1DCBB608
2015-12-15 11:16:24,600 - GAS_proj - INFO - Created event: 5B180CFA-94CA-40FB-B331-C8193C37E372
2015-12-15 11:16:24,601 - GAS_proj - INFO - Created event: 2EE1EA51-B1F4-496C-BAA0-700D5C1D6F27
2015-12-15 11:16:24,601 - GAS_proj - INFO - Created event: ECF3A71E-C89E-4862-85C7-B8E318288380
2015-12-15 11:19:05,519 - GAS_proj - INFO - New CCMS Scheduled Info B1801001 created successfully
2015-12-15 11:19:57,687 - GAS_proj - ERROR - Cant deserialize event: Wed Nov 18 00:00:00 IST 1970nullnullnull00nullnullnull
2015-12-15 11:20:07,066 - GAS_proj - INFO - Created event: 8EA68395-CC31-4A42-8743-007E5E9AD722
2015-12-15 11:20:13,257 - GAS_proj - INFO - Created event: 4FA80BC8-D620-40B7-A377-329DCFEB9158
2015-12-15 11:20:16,823 - GAS_proj - INFO - Created event: 30279F82-25DA-4A55-BC70-1B657ACCFFE5
2015-12-15 11:20:19,015 - GAS_proj - INFO - Created event: 9B5E9998-0D8B-4D1D-A6FA-1C083022ABA3
2015-12-15 11:20:46,004 - GAS_proj - INFO - New CCMS Scheduled Info B1801003 created successfully
2015-12-15 11:20:49,064 - GAS_proj - ERROR - Cant deserialize event: Wed Nov 18 00:00:00 IST 1970Thu Jan 01 09:00:00 IST 1970Thu Jan 01 09:00:00 IST 1970Thu Jan 01 00:10:00 IST 197013Thu Jan 01 00:00:30 IST 1970RPTC30S16M3Sch.
2015-12-15 11:20:55,691 - GAS_proj - INFO - Created event: 4185C0BF-953E-4DE3-976E-A37BCFBB077B
2015-12-15 11:20:58,089 - GAS_proj - INFO - Created event: 190E5331-27FB-48F1-ABDE-9C491191D270
2015-12-15 11:21:00,217 - GAS_proj - INFO - Created event: 671143DC-9257-4F2B-B060-C1055F37AC16
2015-12-15 11:21:03,082 - GAS_proj - INFO - Created event: 19FD0678-856D-435D-84AA-E2B54BD8286F
2015-12-15 11:21:17,156 - GAS_proj - INFO - New CCMS Scheduled Info B1801004 created successfully
2015-12-15 11:21:26,334 - GAS_proj - ERROR - Cant deserialize event: Wed Nov 18 00:00:00 IST 1970Thu Jan 01 09:00:00 IST 1970Thu Jan 01 09:00:00 IST 1970Thu Jan 01 00:10:00 IST 197013Thu Jan 01 00:00:30 IST 1970RPTC30S16M3Sch.
2015-12-15 11:21:32,618 - GAS_proj - INFO - Created event: 993C63B4-AB92-4560-8892-DB0891C04D7F
2015-12-15 11:21:35,329 - GAS_proj - INFO - Created event: 21296F21-0F64-402E-BE66-5EEA179835C8
2015-12-15 11:21:35,658 - GAS_proj - INFO - Created event: F7FCDA2D-9748-4827-B8A6-68BA88BC78C3
2015-12-15 11:21:36,909 - GAS_proj - INFO - Created event: 437BCF3B-4C4E-4ADC-92D0-B291F7DCCF1D
2015-12-15 12:29:52,442 - GAS_proj - INFO - New CCMS Scheduled Info B1801001 created successfully
2015-12-15 12:29:55,701 - GAS_proj - ERROR - Cant deserialize event: Wed Nov 18 00:00:00 IST 1970nullnullnull00nullnullnull
2015-12-15 12:30:01,320 - GAS_proj - INFO - Created event: EACEE078-F533-45A2-B202-CD01C242174E
2015-12-15 12:30:03,607 - GAS_proj - INFO - Created event: 0713F621-811B-44E7-AA36-8DA527E801BB
2015-12-15 12:30:06,154 - GAS_proj - INFO - Created event: 6DEB6AE4-2FB9-4FF9-840E-39D3ACADBCBD
2015-12-15 12:30:06,159 - GAS_proj - INFO - Created event: 568759C5-3563-4611-8E23-B32E0225BBF3
2015-12-15 12:30:10,842 - GAS_proj - INFO - New CCMS Scheduled Info B1801003 created successfully
2015-12-15 12:30:10,844 - GAS_proj - ERROR - Cant deserialize event: Wed Nov 18 00:00:00 IST 1970Thu Jan 01 09:00:00 IST 1970Thu Jan 01 09:00:00 IST 1970Thu Jan 01 00:10:00 IST 197013Thu Jan 01 00:00:30 IST 1970RPTC30S16M3Sch.
2015-12-15 12:30:10,849 - GAS_proj - INFO - Created event: 5B823E27-449C-4AED-B3FF-DB0CBE7193C2
2015-12-15 12:30:10,853 - GAS_proj - INFO - Created event: DAD006F5-9EF5-470A-886F-D7D001C15796
2015-12-15 12:30:10,857 - GAS_proj - INFO - Created event: 2C73E6FD-0B9A-439F-BA8C-251D3AE7B986
2015-12-15 12:30:10,860 - GAS_proj - INFO - Created event: 7707EF6A-8ED0-4109-B38F-5D0B97C6E55A
2015-12-15 12:30:12,290 - GAS_proj - INFO - New CCMS Scheduled Info B1801004 created successfully
2015-12-15 12:30:12,293 - GAS_proj - ERROR - Cant deserialize event: Wed Nov 18 00:00:00 IST 1970Thu Jan 01 09:00:00 IST 1970Thu Jan 01 09:00:00 IST 1970Thu Jan 01 00:10:00 IST 197013Thu Jan 01 00:00:30 IST 1970RPTC30S16M3Sch.
2015-12-15 12:30:12,297 - GAS_proj - INFO - Created event: 560ADCB4-5441-4586-AEB2-852122324D0F
2015-12-15 12:30:12,301 - GAS_proj - INFO - Created event: BBF4232A-13F7-4D09-900D-E186244EF817
2015-12-15 12:30:12,304 - GAS_proj - INFO - Created event: 5E7E164B-CF74-4AA6-AA63-37D5563A5C5D
2015-12-15 12:30:12,307 - GAS_proj - INFO - Created event: 04273D4B-96CB-49C5-83AB-DEA1D5117C63
2015-12-15 12:35:52,667 - GAS_proj - INFO - New CCMS Scheduled Info B1801001 created successfully
2015-12-15 12:35:52,677 - GAS_proj - ERROR - Cant deserialize event: Wed Nov 18 00:00:00 IST 1970nullnullnull00nullnullnull
2015-12-15 12:35:52,686 - GAS_proj - INFO - Created event: 42A9A59F-5123-4AA8-B976-477698C39265
2015-12-15 12:35:52,689 - GAS_proj - INFO - Created event: 255376F3-810E-41B6-9C1A-8E4AFB682400
2015-12-15 12:35:52,692 - GAS_proj - INFO - Created event: B517AD65-779C-4963-80D2-C88323BECE8B
2015-12-15 12:35:52,695 - GAS_proj - INFO - Created event: 361FCAC5-7FB6-4E10-ACE8-1698121B9DE0
2015-12-15 12:36:25,003 - GAS_proj - INFO - New CCMS Scheduled Info B1801003 created successfully
2015-12-15 12:36:25,005 - GAS_proj - ERROR - Cant deserialize event: Wed Nov 18 00:00:00 IST 1970Thu Jan 01 09:00:00 IST 1970Thu Jan 01 09:00:00 IST 1970Thu Jan 01 00:10:00 IST 197013Thu Jan 01 00:00:30 IST 1970RPTC30S16M3Sch.
2015-12-15 12:36:25,011 - GAS_proj - INFO - Created event: 6F01BCF3-473F-4E59-A827-314C5C2765AE
2015-12-15 12:36:25,015 - GAS_proj - INFO - Created event: A0F2E4E4-126B-4DB6-8C41-08F079C093FF
2015-12-15 12:36:25,017 - GAS_proj - INFO - Created event: 1390CF94-760A-42C2-83CE-EFE4232CAF4D
2015-12-15 12:36:25,020 - GAS_proj - INFO - Created event: AFA9BBA8-ABB4-42F1-A1C5-2C81439E02A3
2015-12-15 12:36:26,035 - GAS_proj - INFO - New CCMS Scheduled Info B1801004 created successfully
2015-12-15 12:36:26,037 - GAS_proj - ERROR - Cant deserialize event: Wed Nov 18 00:00:00 IST 1970Thu Jan 01 09:00:00 IST 1970Thu Jan 01 09:00:00 IST 1970Thu Jan 01 00:10:00 IST 197013Thu Jan 01 00:00:30 IST 1970RPTC30S16M3Sch.
2015-12-15 12:36:26,041 - GAS_proj - INFO - Created event: 65B5F558-C55A-4571-B808-FF32104A8B37
2015-12-15 12:36:26,045 - GAS_proj - INFO - Created event: 31CAEC3D-91E9-4218-8CDE-9C00657B176B
2015-12-15 12:36:26,049 - GAS_proj - INFO - Created event: CF192AAF-6B2F-4B49-8D69-6C397D11226C
2015-12-15 12:36:26,052 - GAS_proj - INFO - Created event: B4C3BA36-56D3-4820-A825-6694A4CF9A96
2015-12-15 12:41:09,776 - GAS_proj - INFO - New CCMS Scheduled Info B1801001 created successfully
2015-12-15 12:41:09,787 - GAS_proj - ERROR - Cant deserialize event: Wed Nov 18 00:00:00 IST 1970nullnullnull00nullnullnull
2015-12-15 12:41:10,787 - GAS_proj - INFO - Created event: 8F2090BB-7233-4064-A6AF-0D02D875442D
2015-12-15 12:41:10,791 - GAS_proj - INFO - Created event: 8AF5AD4E-DBA8-4A1B-BB43-7677E566425C
2015-12-15 12:41:10,795 - GAS_proj - INFO - Created event: DD47045E-1364-4432-89EA-2502D2B159BB
2015-12-15 12:41:10,798 - GAS_proj - INFO - Created event: A7B8A5CD-7124-4D12-8470-009272AD69FB
2015-12-15 12:41:12,647 - GAS_proj - INFO - New CCMS Scheduled Info B1801003 created successfully
2015-12-15 12:41:12,649 - GAS_proj - ERROR - Cant deserialize event: Wed Nov 18 00:00:00 IST 1970Thu Jan 01 09:00:00 IST 1970Thu Jan 01 09:00:00 IST 1970Thu Jan 01 00:10:00 IST 197013Thu Jan 01 00:00:30 IST 1970RPTC30S16M3Sch.
2015-12-15 12:41:12,654 - GAS_proj - INFO - Created event: 6AF879C1-4E37-4FEA-974A-668D8B6DBD5C
2015-12-15 12:41:12,658 - GAS_proj - INFO - Created event: C602A929-CCB5-480B-AD49-6F6A3B66D8CF
2015-12-15 12:41:12,662 - GAS_proj - INFO - Created event: 45B9F0FE-CDFA-4BD3-9C2E-DBD58576ED66
2015-12-15 12:41:12,665 - GAS_proj - INFO - Created event: B179A66B-23DA-4E98-BF4F-9650EE881D6F
2015-12-15 12:41:14,351 - GAS_proj - INFO - New CCMS Scheduled Info B1801004 created successfully
2015-12-15 12:41:14,354 - GAS_proj - ERROR - Cant deserialize event: Wed Nov 18 00:00:00 IST 1970Thu Jan 01 09:00:00 IST 1970Thu Jan 01 09:00:00 IST 1970Thu Jan 01 00:10:00 IST 197013Thu Jan 01 00:00:30 IST 1970RPTC30S16M3Sch.
2015-12-15 12:41:14,358 - GAS_proj - INFO - Created event: CD376AA5-8BC2-4AEF-A9DB-C31128956216
2015-12-15 12:41:14,362 - GAS_proj - INFO - Created event: 413D09A2-5524-4D0A-8FC6-F87A1EC52ED3
2015-12-15 12:41:14,365 - GAS_proj - INFO - Created event: F405C353-8CF2-4115-BE35-CF633B63F627
2015-12-15 12:41:14,369 - GAS_proj - INFO - Created event: 8B3F7F69-E0F9-4747-AB8B-C5515259389F
2015-12-15 13:10:10,988 - GAS_proj - INFO - New CCMS Scheduled Info B1801001 created successfully
2015-12-15 13:10:10,999 - GAS_proj - ERROR - Cant deserialize event: Wed Nov 18 00:00:00 IST 1970nullnullnull00nullnullnull
2015-12-15 13:10:11,935 - GAS_proj - INFO - Created event: 7ABF9DC4-202E-4C76-9F8B-44B51F76DA57
2015-12-15 13:10:11,940 - GAS_proj - INFO - Created event: 6308E0E4-9D74-46E2-99F2-F2B5050FFE51
2015-12-15 13:10:11,943 - GAS_proj - INFO - Created event: 99BB11F5-A66E-4D28-8BDF-BECF7737F44A
2015-12-15 13:10:11,946 - GAS_proj - INFO - Created event: 1A11FF00-BE7F-46A6-8409-C862B69C24C9
2015-12-15 13:10:13,115 - GAS_proj - INFO - New CCMS Scheduled Info B1801003 created successfully
2015-12-15 13:10:13,117 - GAS_proj - ERROR - Cant deserialize event: Wed Nov 18 00:00:00 IST 1970Thu Jan 01 09:00:00 IST 1970Thu Jan 01 09:00:00 IST 1970Thu Jan 01 00:10:00 IST 197013Thu Jan 01 00:00:30 IST 1970RPTC30S16M3Sch.
2015-12-15 13:10:13,121 - GAS_proj - INFO - Created event: 5547C973-9C8B-4CC9-8280-5BFE7B645003
2015-12-15 13:10:13,125 - GAS_proj - INFO - Created event: B81FE0C4-93AD-4F0F-96EF-E08FB9C929BA
2015-12-15 13:10:13,128 - GAS_proj - INFO - Created event: CE9052B5-577D-40DC-BBE4-4D2FF9329450
2015-12-15 13:10:13,131 - GAS_proj - INFO - Created event: E6E45061-FAC4-4FE1-B2FD-B205062FE082
2015-12-15 13:10:14,259 - GAS_proj - INFO - New CCMS Scheduled Info B1801004 created successfully
2015-12-15 13:10:14,262 - GAS_proj - ERROR - Cant deserialize event: Wed Nov 18 00:00:00 IST 1970Thu Jan 01 09:00:00 IST 1970Thu Jan 01 09:00:00 IST 1970Thu Jan 01 00:10:00 IST 197013Thu Jan 01 00:00:30 IST 1970RPTC30S16M3Sch.
2015-12-15 13:10:14,266 - GAS_proj - INFO - Created event: D308E537-40FF-4D81-86DA-3689C8B0ED78
2015-12-15 13:10:14,270 - GAS_proj - INFO - Created event: E72C61E5-FAF0-424E-A25A-EA1FE020D349
2015-12-15 13:10:14,273 - GAS_proj - INFO - Created event: 99D8635C-C684-4A3D-BB7F-833C028E9E1C
2015-12-15 13:10:14,277 - GAS_proj - INFO - Created event: 8648D18A-8692-4E9C-8673-D2F067FAF3D0
2015-12-15 13:13:25,296 - GAS_proj - INFO - New CCMS Scheduled Info B1801001 created successfully
2015-12-15 13:13:25,298 - GAS_proj - ERROR - Cant deserialize event: Wed Nov 18 00:00:00 IST 1970nullnullnull00nullnullnull
2015-12-15 13:13:25,301 - GAS_proj - INFO - Created event: 84AC905E-D7F5-43C8-A1A3-9A25974E8472
2015-12-15 13:13:25,302 - GAS_proj - INFO - Created event: B501FF81-7527-4A35-B6C9-1D4A01242D7E
2015-12-15 13:13:25,303 - GAS_proj - INFO - Created event: CC3D10CB-82A4-4778-B4A5-986E77FDFBDF
2015-12-15 13:13:25,304 - GAS_proj - INFO - Created event: C983CC38-3765-4A88-B02D-E99A22031598
2015-12-15 13:13:25,304 - GAS_proj - INFO - New CCMS Scheduled Info B1801003 created successfully
2015-12-15 13:13:25,305 - GAS_proj - ERROR - Cant deserialize event: Wed Nov 18 00:00:00 IST 1970Thu Jan 01 09:00:00 IST 1970Thu Jan 01 09:00:00 IST 1970Thu Jan 01 00:10:00 IST 197013Thu Jan 01 00:00:30 IST 1970RPTC30S16M3Sch.
2015-12-15 13:13:25,306 - GAS_proj - INFO - Created event: 592D2A0C-4704-475B-8826-E6ECAD0F0E7B
2015-12-15 13:13:25,307 - GAS_proj - INFO - Created event: CC063B0B-8602-4CDC-9252-22F3D27D11BA
2015-12-15 13:13:25,308 - GAS_proj - INFO - Created event: 24D33C2E-9BFB-488E-BE61-5F3C8DE28C0B
2015-12-15 13:13:25,308 - GAS_proj - INFO - Created event: 6B401A45-27FF-44E7-B946-1F9639E8A6FA
2015-12-15 13:13:25,309 - GAS_proj - INFO - New CCMS Scheduled Info B1801004 created successfully
2015-12-15 13:13:25,310 - GAS_proj - ERROR - Cant deserialize event: Wed Nov 18 00:00:00 IST 1970Thu Jan 01 09:00:00 IST 1970Thu Jan 01 09:00:00 IST 1970Thu Jan 01 00:10:00 IST 197013Thu Jan 01 00:00:30 IST 1970RPTC30S16M3Sch.
2015-12-15 13:13:25,311 - GAS_proj - INFO - Created event: 90AE72DA-FD54-44AE-A2CC-88DF5F85FCA1
2015-12-15 13:13:25,312 - GAS_proj - INFO - Created event: E4FB5D21-EC23-409D-BE66-42BC1BDA9EAA
2015-12-15 13:13:25,313 - GAS_proj - INFO - Created event: 32124F4C-3B60-4C06-800A-CA226C558D02
2015-12-15 13:13:25,314 - GAS_proj - INFO - Created event: 4C03A0B2-9EF5-4B52-8468-485F341BE6A9
2015-12-15 13:16:14,714 - GAS_proj - INFO - New CCMS Scheduled Info B1801001 created successfully
2015-12-15 13:16:14,717 - GAS_proj - ERROR - Cant deserialize event: Wed Nov 18 00:00:00 IST 1970nullnullnull00nullnullnull
2015-12-15 13:16:14,719 - GAS_proj - INFO - Created event: 89E72553-5E31-483C-A07D-817B9D6F150D
2015-12-15 13:16:14,720 - GAS_proj - INFO - Created event: E37E650E-4CDE-4098-A23E-86DD338082A8
2015-12-15 13:16:14,721 - GAS_proj - INFO - Created event: 61E24524-6947-4EEC-B02F-A67BC39FE53F
2015-12-15 13:16:14,722 - GAS_proj - INFO - Created event: A6A898A3-3A8A-4C27-9225-0349665D04AC
2015-12-15 13:16:14,722 - GAS_proj - INFO - New CCMS Scheduled Info B1801003 created successfully
2015-12-15 13:16:14,723 - GAS_proj - ERROR - Cant deserialize event: Wed Nov 18 00:00:00 IST 1970Thu Jan 01 09:00:00 IST 1970Thu Jan 01 09:00:00 IST 1970Thu Jan 01 00:10:00 IST 197013Thu Jan 01 00:00:30 IST 1970RPTC30S16M3Sch.
2015-12-15 13:16:14,724 - GAS_proj - INFO - Created event: 5ED767CD-5CBA-46A9-A71C-C74DA206BCDB
2015-12-15 13:16:14,725 - GAS_proj - INFO - Created event: BC43C1A7-2349-40CF-A324-C1FD73C250C0
2015-12-15 13:16:14,725 - GAS_proj - INFO - Created event: 404DED38-FEF2-4B75-AF80-00C25D04198D
2015-12-15 13:16:14,726 - GAS_proj - INFO - Created event: F74C06C6-DA3B-4353-8F96-96DF623FC6E4
2015-12-15 13:16:14,727 - GAS_proj - INFO - New CCMS Scheduled Info B1801004 created successfully
2015-12-15 13:16:14,727 - GAS_proj - ERROR - Cant deserialize event: Wed Nov 18 00:00:00 IST 1970Thu Jan 01 09:00:00 IST 1970Thu Jan 01 09:00:00 IST 1970Thu Jan 01 00:10:00 IST 197013Thu Jan 01 00:00:30 IST 1970RPTC30S16M3Sch.
2015-12-15 13:16:14,728 - GAS_proj - INFO - Created event: 542FA61F-C914-4AD5-ACAE-7A8E4DDE3310
2015-12-15 13:16:14,729 - GAS_proj - INFO - Created event: 0D314EB4-AA99-44E7-834D-F2138DAA98C8
2015-12-15 13:16:14,730 - GAS_proj - INFO - Created event: 19C6E090-66FB-4D61-A81E-E509E9C50746
2015-12-15 13:16:14,732 - GAS_proj - INFO - Created event: 0E790DD1-3551-4BF2-AE25-628C3B7BAA5C
2015-12-15 13:21:07,099 - GAS_proj - INFO - New CCMS Scheduled Info B1801001 created successfully
2015-12-15 13:21:07,102 - GAS_proj - ERROR - Cant deserialize event: Wed Nov 18 00:00:00 IST 1970nullnullnull00nullnullnull
2015-12-15 13:21:07,106 - GAS_proj - INFO - Created event: EDEF4381-76E9-47EF-8CB1-88928488688C
2015-12-15 13:21:07,107 - GAS_proj - INFO - Created event: 750A2F0C-F75C-4C06-8621-F6CBCBB9129C
2015-12-15 13:21:07,108 - GAS_proj - INFO - Created event: 13910D70-2457-4AB6-AE62-FBB5F8802F0A
2015-12-15 13:21:07,110 - GAS_proj - INFO - Created event: 2C8CE31B-3694-4558-B530-90110F9D573E
2015-12-15 13:21:07,111 - GAS_proj - INFO - New CCMS Scheduled Info B1801003 created successfully
2015-12-15 13:21:07,111 - GAS_proj - ERROR - Cant deserialize event: Wed Nov 18 00:00:00 IST 1970Thu Jan 01 09:00:00 IST 1970Thu Jan 01 09:00:00 IST 1970Thu Jan 01 00:10:00 IST 197013Thu Jan 01 00:00:30 IST 1970RPTC30S16M3Sch.
2015-12-15 13:21:07,113 - GAS_proj - INFO - Created event: 323BB739-1375-42FC-A1E0-A359D668D35E
2015-12-15 13:21:07,114 - GAS_proj - INFO - Created event: 9C4AA6C0-1135-4E9F-9295-9DE523E8EC30
2015-12-15 13:21:07,115 - GAS_proj - INFO - Created event: 031B3696-338E-4C13-8CD9-CC2B6B8AE1DD
2015-12-15 13:21:07,123 - GAS_proj - INFO - Created event: 40E65EE7-04A6-4E8B-952C-713356A424CD
2015-12-15 13:21:07,124 - GAS_proj - INFO - New CCMS Scheduled Info B1801004 created successfully
2015-12-15 13:21:07,125 - GAS_proj - ERROR - Cant deserialize event: Wed Nov 18 00:00:00 IST 1970Thu Jan 01 09:00:00 IST 1970Thu Jan 01 09:00:00 IST 1970Thu Jan 01 00:10:00 IST 197013Thu Jan 01 00:00:30 IST 1970RPTC30S16M3Sch.
2015-12-15 13:21:07,126 - GAS_proj - INFO - Created event: 1470A88C-0305-4DC8-9EF0-18E4C1E4BE93
2015-12-15 13:21:07,127 - GAS_proj - INFO - Created event: 8A381B61-B493-4F7A-8B3D-07E49893C4E7
2015-12-15 13:21:07,128 - GAS_proj - INFO - Created event: 09039A38-32D4-47FA-8F6F-5814AAB210E4
2015-12-15 13:21:07,129 - GAS_proj - INFO - Created event: C1A705B9-DD7C-4578-B0E8-74A00AC3124B
2015-12-15 13:30:22,807 - GAS_proj - INFO - New CCMS Scheduled Info B1801001 created successfully
2015-12-15 13:30:22,810 - GAS_proj - ERROR - Cant deserialize event: Wed Nov 18 00:00:00 IST 1970nullnullnull00nullnullnull
2015-12-15 13:30:22,813 - GAS_proj - INFO - Created event: 6A7F1BAC-7FA4-4FB3-B070-0511C1A186AA
2015-12-15 13:30:22,814 - GAS_proj - INFO - Created event: 73817939-031A-428F-9B91-AF3CA7AF2F3F
2015-12-15 13:30:22,814 - GAS_proj - INFO - Created event: 5D7D9E62-FFA9-47E5-AE73-F8AB19E9A106
2015-12-15 13:30:22,815 - GAS_proj - INFO - Created event: 4942532C-20DB-432F-A3FD-527379655801
2015-12-15 13:30:22,816 - GAS_proj - INFO - New CCMS Scheduled Info B1801003 created successfully
2015-12-15 13:30:22,816 - GAS_proj - ERROR - Cant deserialize event: Wed Nov 18 00:00:00 IST 1970Thu Jan 01 09:00:00 IST 1970Thu Jan 01 09:00:00 IST 1970Thu Jan 01 00:10:00 IST 197013Thu Jan 01 00:00:30 IST 1970RPTC30S16M3Sch.
2015-12-15 13:30:22,817 - GAS_proj - INFO - Created event: 33F6F420-4CA1-4D2E-B93F-DA6327229D03
2015-12-15 13:30:22,818 - GAS_proj - INFO - Created event: 5AEA90D7-B836-4480-BBF5-37BD3B7D176A
2015-12-15 13:30:22,819 - GAS_proj - INFO - Created event: 76D4E20F-5BC2-4586-926E-9382DCB070BE
2015-12-15 13:30:22,820 - GAS_proj - INFO - Created event: 344FAAA3-9A73-4B9E-9F42-A36EF59A62A1
2015-12-15 13:30:22,820 - GAS_proj - INFO - New CCMS Scheduled Info B1801004 created successfully
2015-12-15 13:30:22,821 - GAS_proj - ERROR - Cant deserialize event: Wed Nov 18 00:00:00 IST 1970Thu Jan 01 09:00:00 IST 1970Thu Jan 01 09:00:00 IST 1970Thu Jan 01 00:10:00 IST 197013Thu Jan 01 00:00:30 IST 1970RPTC30S16M3Sch.
2015-12-15 13:30:22,822 - GAS_proj - INFO - Created event: 1F97AB79-0DBD-4A27-A3E3-F132414B32B0
2015-12-15 13:30:22,823 - GAS_proj - INFO - Created event: E61C650E-7D8D-4AE0-AA39-6A7C2632C885
2015-12-15 13:30:22,825 - GAS_proj - INFO - Created event: C3A8C2C0-CEB2-4707-9EE3-4A5281442E5B
2015-12-15 13:30:22,826 - GAS_proj - INFO - Created event: AE672814-F0EE-4D9A-8A69-0BEDD64DE3ED
2015-12-15 13:33:20,625 - GAS_proj - INFO - New CCMS Scheduled Info B1801001 created successfully
2015-12-15 13:33:20,627 - GAS_proj - ERROR - Cant deserialize event: Wed Nov 18 00:00:00 IST 1970nullnullnull00nullnullnull
2015-12-15 13:33:20,629 - GAS_proj - INFO - Created event: 3494E4DB-2835-4435-8104-76BF01B2520E
2015-12-15 13:33:20,631 - GAS_proj - INFO - Created event: 36228393-7169-4067-A1F6-5E4A6B971BDE
2015-12-15 13:33:20,631 - GAS_proj - INFO - Created event: 9290374F-E404-4C52-B7AC-988EE4502FB5
2015-12-15 13:33:20,632 - GAS_proj - INFO - Created event: B0658452-8772-441A-896D-C5DF1629FBF7
2015-12-15 13:33:20,633 - GAS_proj - INFO - New CCMS Scheduled Info B1801003 created successfully
2015-12-15 13:33:20,633 - GAS_proj - ERROR - Cant deserialize event: Wed Nov 18 00:00:00 IST 1970Thu Jan 01 09:00:00 IST 1970Thu Jan 01 09:00:00 IST 1970Thu Jan 01 00:10:00 IST 197013Thu Jan 01 00:00:30 IST 1970RPTC30S16M3Sch.
2015-12-15 13:33:20,634 - GAS_proj - INFO - Created event: 3E66FA42-6D2A-4CA6-808C-2DC232DBAA95
2015-12-15 13:33:20,635 - GAS_proj - INFO - Created event: D6AB9E26-7CA9-4079-B209-AF0BED544163
2015-12-15 13:33:20,635 - GAS_proj - INFO - Created event: E68153F6-4483-46D0-A6F4-0B01BBB724DB
2015-12-15 13:33:20,636 - GAS_proj - INFO - Created event: BB241E15-677A-469E-BB32-0CEA7EBC4BCA
2015-12-15 13:33:20,637 - GAS_proj - INFO - New CCMS Scheduled Info B1801004 created successfully
2015-12-15 13:33:20,637 - GAS_proj - ERROR - Cant deserialize event: Wed Nov 18 00:00:00 IST 1970Thu Jan 01 09:00:00 IST 1970Thu Jan 01 09:00:00 IST 1970Thu Jan 01 00:10:00 IST 197013Thu Jan 01 00:00:30 IST 1970RPTC30S16M3Sch.
2015-12-15 13:33:20,638 - GAS_proj - INFO - Created event: 37F2AC58-5761-4B5A-AABF-BBBAB47A58CA
2015-12-15 13:33:20,639 - GAS_proj - INFO - Created event: 859149A1-007B-4986-943E-477557B0B66D
2015-12-15 13:33:20,639 - GAS_proj - INFO - Created event: B6E00CAD-DD4B-444A-8721-A87DB0DCCF57
2015-12-15 13:33:20,640 - GAS_proj - INFO - Created event: D5817358-E07E-49BE-9119-E229781004EB
2015-12-15 13:45:17,812 - GAS_proj - INFO - New CCMS Scheduled Info B1801001 created successfully
2015-12-15 13:45:17,815 - GAS_proj - ERROR - Cant deserialize event: Wed Nov 18 00:00:00 IST 1970nullnullnull00nullnullnull
2015-12-15 13:45:17,818 - GAS_proj - INFO - Created event: 3240A91C-E806-4F00-BACE-F053EABD5ABB
2015-12-15 13:45:17,819 - GAS_proj - INFO - Created event: 7D63353A-E284-4E3A-BD03-D3712AAB5E12
2015-12-15 13:45:17,820 - GAS_proj - INFO - Created event: 305CE6B9-4B75-458F-85AF-D3B275DB454C
2015-12-15 13:45:17,820 - GAS_proj - INFO - Created event: 57527F11-AA3F-4F4F-BDED-0D816D781674
2015-12-15 13:45:17,821 - GAS_proj - INFO - New CCMS Scheduled Info B1801003 created successfully
2015-12-15 13:45:17,821 - GAS_proj - ERROR - Cant deserialize event: Wed Nov 18 00:00:00 IST 1970Thu Jan 01 09:00:00 IST 1970Thu Jan 01 09:00:00 IST 1970Thu Jan 01 00:10:00 IST 197013Thu Jan 01 00:00:30 IST 1970RPTC30S16M3Sch.
2015-12-15 13:45:17,822 - GAS_proj - INFO - Created event: 4786502E-083F-4822-88F7-640C96032FC7
2015-12-15 13:45:17,823 - GAS_proj - INFO - Created event: AD70CB4A-B264-4C33-92BF-4CF2A8057027
2015-12-15 13:45:17,824 - GAS_proj - INFO - Created event: 90974CFB-A719-4F6D-9A58-B3693BFDFABB
2015-12-15 13:45:17,825 - GAS_proj - INFO - Created event: 7D3F5108-120D-47E5-8904-FF7CDE6B6754
2015-12-15 13:45:17,825 - GAS_proj - INFO - New CCMS Scheduled Info B1801004 created successfully
2015-12-15 13:45:17,826 - GAS_proj - ERROR - Cant deserialize event: Wed Nov 18 00:00:00 IST 1970Thu Jan 01 09:00:00 IST 1970Thu Jan 01 09:00:00 IST 1970Thu Jan 01 00:10:00 IST 197013Thu Jan 01 00:00:30 IST 1970RPTC30S16M3Sch.
2015-12-15 13:45:17,827 - GAS_proj - INFO - Created event: 5BD09C70-4F02-427A-A2D5-07A1280396CF
2015-12-15 13:45:17,828 - GAS_proj - INFO - Created event: 106C3E2E-1904-4D38-9506-A6D06BD35CAC
2015-12-15 13:45:17,829 - GAS_proj - INFO - Created event: D854B3A1-BBC2-484C-BF63-379954878D02
2015-12-15 13:45:17,830 - GAS_proj - INFO - Created event: 7C788EF0-1B0B-41F3-BF13-23D9827C014C
2015-12-15 14:10:57,889 - GAS_proj - INFO - New CCMS Scheduled Info B1801001 created successfully
2015-12-15 14:10:57,892 - GAS_proj - ERROR - Cant deserialize event: Wed Nov 18 00:00:00 IST 1970nullnullnull00nullnullnull
2015-12-15 14:10:57,894 - GAS_proj - INFO - Created event: 06C1D6BE-9399-47BC-BDC0-8D8B1158CA54
2015-12-15 14:10:57,895 - GAS_proj - INFO - Created event: 3FEF65F8-8493-4FF5-88AF-CFC09CFDF0C4
2015-12-15 14:10:57,896 - GAS_proj - INFO - Created event: 15358D66-5A19-4A3D-B5DD-AFF2210A8A00
2015-12-15 14:10:57,896 - GAS_proj - INFO - Created event: 307FA59F-E477-4766-80D4-B6F2C8C58A1D
2015-12-15 14:10:57,897 - GAS_proj - INFO - New CCMS Scheduled Info B1801003 created successfully
2015-12-15 14:10:57,897 - GAS_proj - ERROR - Cant deserialize event: Wed Nov 18 00:00:00 IST 1970Thu Jan 01 09:00:00 IST 1970Thu Jan 01 09:00:00 IST 1970Thu Jan 01 00:10:00 IST 197013Thu Jan 01 00:00:30 IST 1970RPTC30S16M3Sch.
2015-12-15 14:10:57,898 - GAS_proj - INFO - Created event: 1E515824-E7A9-4120-9E39-DD918F23F144
2015-12-15 14:10:57,899 - GAS_proj - INFO - Created event: 9B1B26B7-6545-4079-8C27-15F44DD22613
2015-12-15 14:10:57,900 - GAS_proj - INFO - Created event: 0A68FB0A-D63C-4F20-AB86-9542754FA707
2015-12-15 14:10:57,901 - GAS_proj - INFO - Created event: E8CF10C4-6EBB-485E-9C91-309D4D6EEDEA
2015-12-15 14:10:57,901 - GAS_proj - INFO - New CCMS Scheduled Info B1801004 created successfully
2015-12-15 14:10:57,902 - GAS_proj - ERROR - Cant deserialize event: Wed Nov 18 00:00:00 IST 1970Thu Jan 01 09:00:00 IST 1970Thu Jan 01 09:00:00 IST 1970Thu Jan 01 00:10:00 IST 197013Thu Jan 01 00:00:30 IST 1970RPTC30S16M3Sch.
2015-12-15 14:10:57,902 - GAS_proj - INFO - Created event: 91FD044C-DD12-4598-A5E5-A219784CCAAE
2015-12-15 14:10:57,903 - GAS_proj - INFO - Created event: 451E413B-BCEA-4403-B88A-F8A86F70C386
2015-12-15 14:10:57,904 - GAS_proj - INFO - Created event: AF6E1A43-E0A8-47BB-9631-E273B3DE0011
2015-12-15 14:10:57,905 - GAS_proj - INFO - Created event: 7F9AF653-8A8B-448C-B006-548D111EA5DD
2015-12-15 14:16:30,365 - GAS_proj - INFO - New CCMS Scheduled Info B1801001 created successfully
2015-12-15 14:16:30,368 - GAS_proj - ERROR - Cant deserialize event: Wed Nov 18 00:00:00 IST 1970nullnullnull00nullnullnull
2015-12-15 14:16:30,370 - GAS_proj - INFO - Created event: 2ED1A8DB-BB3B-4FA1-9565-21BF02763F1C
2015-12-15 14:16:30,371 - GAS_proj - INFO - Created event: A8EBD1C0-5E36-42A6-87CB-714710CB386A
2015-12-15 14:16:30,372 - GAS_proj - INFO - Created event: 58FD705A-44BA-40AB-9948-C5C63D591736
2015-12-15 14:16:30,373 - GAS_proj - INFO - Created event: B3602387-1163-40E8-96F9-7C75BCD07B11
2015-12-15 14:16:30,373 - GAS_proj - INFO - New CCMS Scheduled Info B1801003 created successfully
2015-12-15 14:16:30,374 - GAS_proj - ERROR - Cant deserialize event: Wed Nov 18 00:00:00 IST 1970Thu Jan 01 09:00:00 IST 1970Thu Jan 01 09:00:00 IST 1970Thu Jan 01 00:10:00 IST 197013Thu Jan 01 00:00:30 IST 1970RPTC30S16M3Sch.
2015-12-15 14:16:30,375 - GAS_proj - INFO - Created event: 13BB3FDA-3785-4390-9465-A54E16733967
2015-12-15 14:16:30,376 - GAS_proj - INFO - Created event: 16A0594A-4BD4-4DB4-B082-18821280A323
2015-12-15 14:16:30,376 - GAS_proj - INFO - Created event: 7FD25EDC-F8A5-4D6B-AC91-E9B3F6F21BB1
2015-12-15 14:16:30,377 - GAS_proj - INFO - Created event: 90374EE4-6E4B-432E-BE14-E15C935102C1
2015-12-15 14:16:30,378 - GAS_proj - INFO - New CCMS Scheduled Info B1801004 created successfully
2015-12-15 14:16:30,378 - GAS_proj - ERROR - Cant deserialize event: Wed Nov 18 00:00:00 IST 1970Thu Jan 01 09:00:00 IST 1970Thu Jan 01 09:00:00 IST 1970Thu Jan 01 00:10:00 IST 197013Thu Jan 01 00:00:30 IST 1970RPTC30S16M3Sch.
2015-12-15 14:16:30,379 - GAS_proj - INFO - Created event: 5D5034C2-7CB2-4084-977F-122BD77931A9
2015-12-15 14:16:30,380 - GAS_proj - INFO - Created event: F166F772-DC6F-4C1D-AB38-2F4AFD0FDD76
2015-12-15 14:16:30,381 - GAS_proj - INFO - Created event: E891BA93-D668-432B-A370-269C9E501F4B
2015-12-15 14:16:30,382 - GAS_proj - INFO - Created event: 550CAB26-A0E7-4AFA-B2F5-A8C621A4C0F1
2015-12-15 14:38:48,235 - GAS_proj - INFO - New CCMS Scheduled Info B1801001 created successfully
2015-12-15 14:38:48,237 - GAS_proj - ERROR - Cant deserialize event: Wed Nov 18 00:00:00 IST 1970nullnullnull00nullnullnull
2015-12-15 14:38:48,240 - GAS_proj - INFO - Created event: FC2F830A-2C8B-404B-8149-0F5E1195BEBE
2015-12-15 14:38:48,241 - GAS_proj - INFO - Created event: 6CBDBC97-8761-49AB-A0FD-1D4B5DAD3E0A
2015-12-15 14:38:48,242 - GAS_proj - INFO - Created event: 82432E95-B18E-4B80-8E2E-CB0DBB10222D
2015-12-15 14:38:48,243 - GAS_proj - INFO - Created event: 363F72C5-C0B1-4C9D-BD12-E20DFC59DAFC
2015-12-15 14:38:48,243 - GAS_proj - INFO - New CCMS Scheduled Info B1801003 created successfully
2015-12-15 14:38:48,244 - GAS_proj - ERROR - Cant deserialize event: Wed Nov 18 00:00:00 IST 1970Thu Jan 01 09:00:00 IST 1970Thu Jan 01 09:00:00 IST 1970Thu Jan 01 00:10:00 IST 197013Thu Jan 01 00:00:30 IST 1970RPTC30S16M3Sch.
2015-12-15 14:38:48,245 - GAS_proj - INFO - Created event: A48A6BA1-92DC-4372-AB1E-0CAEBA07EAC8
2015-12-15 14:38:48,246 - GAS_proj - INFO - Created event: C7355A6C-B899-4213-8482-3DC9FAD45D86
2015-12-15 14:38:48,247 - GAS_proj - INFO - Created event: DF48E3ED-F6F0-4B8C-A890-DCBF43F94430
2015-12-15 14:38:48,248 - GAS_proj - INFO - Created event: ADCAF40C-168C-4A6B-B77D-854D67C5FD6E
2015-12-15 14:38:48,248 - GAS_proj - INFO - New CCMS Scheduled Info B1801004 created successfully
2015-12-15 14:38:48,248 - GAS_proj - ERROR - Cant deserialize event: Wed Nov 18 00:00:00 IST 1970Thu Jan 01 09:00:00 IST 1970Thu Jan 01 09:00:00 IST 1970Thu Jan 01 00:10:00 IST 197013Thu Jan 01 00:00:30 IST 1970RPTC30S16M3Sch.
2015-12-15 14:38:48,249 - GAS_proj - INFO - Created event: C662A7D0-F348-4B1E-8ABB-977C20D158C4
2015-12-15 14:38:48,250 - GAS_proj - INFO - Created event: F5B481EE-D35B-4248-99EC-E1C58C687B89
2015-12-15 14:38:48,251 - GAS_proj - INFO - Created event: 009946C7-51C8-4B3B-92F7-85A30E01B573
2015-12-15 14:38:48,252 - GAS_proj - INFO - Created event: C94334E2-0187-4839-88EC-CF4A8D98EB7C
2015-12-15 14:40:58,799 - GAS_proj - INFO - New CCMS Scheduled Info B1801001 created successfully
2015-12-15 14:40:58,802 - GAS_proj - ERROR - Cant deserialize event: Wed Nov 18 00:00:00 IST 1970nullnullnull00nullnullnull
2015-12-15 14:40:58,806 - GAS_proj - INFO - Created event: 00F16F17-5C33-48B9-AD33-2ECDACD6BCA2
2015-12-15 14:40:58,807 - GAS_proj - INFO - Created event: E8A7DCCE-CEB4-489E-9F86-029ECB31748D
2015-12-15 14:40:58,809 - GAS_proj - INFO - Created event: 0F89CDB3-038F-4A0F-8F7B-BF9F3BF2235F
2015-12-15 14:40:58,810 - GAS_proj - INFO - Created event: 54C7DEC8-2D16-4BAF-B950-1F6A980A4B58
2015-12-15 14:40:58,811 - GAS_proj - INFO - New CCMS Scheduled Info B1801003 created successfully
2015-12-15 14:40:58,811 - GAS_proj - ERROR - Cant deserialize event: Wed Nov 18 00:00:00 IST 1970Thu Jan 01 09:00:00 IST 1970Thu Jan 01 09:00:00 IST 1970Thu Jan 01 00:10:00 IST 197013Thu Jan 01 00:00:30 IST 1970RPTC30S16M3Sch.
2015-12-15 14:40:58,813 - GAS_proj - INFO - Created event: EF9FF606-EDF5-4146-8DBA-C33076E350E1
2015-12-15 14:40:58,814 - GAS_proj - INFO - Created event: 3BBE4854-AFB5-4936-A904-76D90C41108F
2015-12-15 14:40:58,815 - GAS_proj - INFO - Created event: 59BEA163-0BEA-4443-AC22-910791863664
2015-12-15 14:40:58,816 - GAS_proj - INFO - Created event: 17933540-0F76-44B8-AA9F-5BB083412A0B
2015-12-15 14:40:58,817 - GAS_proj - INFO - New CCMS Scheduled Info B1801004 created successfully
2015-12-15 14:40:58,817 - GAS_proj - ERROR - Cant deserialize event: Wed Nov 18 00:00:00 IST 1970Thu Jan 01 09:00:00 IST 1970Thu Jan 01 09:00:00 IST 1970Thu Jan 01 00:10:00 IST 197013Thu Jan 01 00:00:30 IST 1970RPTC30S16M3Sch.
2015-12-15 14:40:58,818 - GAS_proj - INFO - Created event: B7059B1E-CA1E-4E7A-A45F-118EF776567E
2015-12-15 14:40:58,819 - GAS_proj - INFO - Created event: A6BBBC8A-C275-46A3-B31A-E9F602D5539B
2015-12-15 14:40:58,820 - GAS_proj - INFO - Created event: 6627DD8B-C8A8-4D72-B99A-9FBE433AC074
2015-12-15 14:40:58,821 - GAS_proj - INFO - Created event: 13286DCF-26D6-4736-9CA2-E002B85BBE2B
2015-12-15 14:52:32,446 - GAS_proj - INFO - New CCMS Scheduled Info B1801001 created successfully
2015-12-15 14:52:32,448 - GAS_proj - ERROR - Cant deserialize event: Wed Nov 18 00:00:00 IST 1970nullnullnull00nullnullnull
2015-12-15 14:52:32,450 - GAS_proj - INFO - Created event: CD733D0A-EF63-4CFF-A3C8-8943366405EB
2015-12-15 14:52:32,451 - GAS_proj - INFO - Created event: 1A641324-CD13-4187-BA0A-1B9D6CBBBDA3
2015-12-15 14:52:32,452 - GAS_proj - INFO - Created event: 96CECE59-92AC-47C3-9257-366E7211EACF
2015-12-15 14:52:32,453 - GAS_proj - INFO - Created event: E3423DFE-20EF-4FB3-8975-6C2FD5F74D11
2015-12-15 14:52:32,453 - GAS_proj - INFO - New CCMS Scheduled Info B1801003 created successfully
2015-12-15 14:52:32,454 - GAS_proj - ERROR - Cant deserialize event: Wed Nov 18 00:00:00 IST 1970Thu Jan 01 09:00:00 IST 1970Thu Jan 01 09:00:00 IST 1970Thu Jan 01 00:10:00 IST 197013Thu Jan 01 00:00:30 IST 1970RPTC30S16M3Sch.
2015-12-15 14:52:32,454 - GAS_proj - INFO - Created event: 891CD843-03BE-4EC0-BDB7-1856AB60CA21
2015-12-15 14:52:32,455 - GAS_proj - INFO - Created event: 829791BC-6C44-421E-8331-9D267B825FCE
2015-12-15 14:52:32,456 - GAS_proj - INFO - Created event: 75259AFB-00A1-43B9-936F-579A7BDF4409
2015-12-15 14:52:32,457 - GAS_proj - INFO - Created event: 28068AF5-E344-41AC-A558-1F30288FCBB2
2015-12-15 14:52:32,457 - GAS_proj - INFO - New CCMS Scheduled Info B1801004 created successfully
2015-12-15 14:52:32,458 - GAS_proj - ERROR - Cant deserialize event: Wed Nov 18 00:00:00 IST 1970Thu Jan 01 09:00:00 IST 1970Thu Jan 01 09:00:00 IST 1970Thu Jan 01 00:10:00 IST 197013Thu Jan 01 00:00:30 IST 1970RPTC30S16M3Sch.
2015-12-15 14:52:32,459 - GAS_proj - INFO - Created event: F62BCE20-3AB8-4446-8314-3DAD12E9D71E
2015-12-15 14:52:32,459 - GAS_proj - INFO - Created event: 59969DFD-5D6F-49BD-80A9-F7F8189E8AB1
2015-12-15 14:52:32,460 - GAS_proj - INFO - Created event: DD3FE8B3-22BA-4CB2-A666-99C655D3ABF2
2015-12-15 14:52:32,461 - GAS_proj - INFO - Created event: 7F6CAE40-7F62-4699-A546-6849ED43015D
2015-12-15 14:56:14,803 - GAS_proj - INFO - New CCMS Scheduled Info B1801001 created successfully
2015-12-15 14:56:14,805 - GAS_proj - ERROR - Cant deserialize event: Wed Nov 18 00:00:00 IST 1970nullnullnull00nullnullnull
2015-12-15 14:56:14,808 - GAS_proj - INFO - Created event: FE6504CD-4FF2-4E68-89BE-6D414E4DA323
2015-12-15 14:56:14,809 - GAS_proj - INFO - Created event: E217802E-6F4C-4722-99AD-BA166AAC1559
2015-12-15 14:56:14,809 - GAS_proj - INFO - Created event: 6A945419-CAFF-4D8A-91C8-18A656FF58E0
2015-12-15 14:56:14,810 - GAS_proj - INFO - Created event: D863B621-8EE2-43BB-AD5B-CCA568F3BABE
2015-12-15 14:56:14,811 - GAS_proj - INFO - New CCMS Scheduled Info B1801003 created successfully
2015-12-15 14:56:14,811 - GAS_proj - ERROR - Cant deserialize event: Wed Nov 18 00:00:00 IST 1970Thu Jan 01 09:00:00 IST 1970Thu Jan 01 09:00:00 IST 1970Thu Jan 01 00:10:00 IST 197013Thu Jan 01 00:00:30 IST 1970RPTC30S16M3Sch.
2015-12-15 14:56:14,812 - GAS_proj - INFO - Created event: 35AFAED0-8FAC-4621-B86B-D0FBF47D2951
2015-12-15 14:56:14,813 - GAS_proj - INFO - Created event: 34543001-4AA8-40EB-BDBA-8B65B1937FB8
2015-12-15 14:56:14,813 - GAS_proj - INFO - Created event: 9ADD3FCC-F75C-4F9A-842D-79C8289805DC
2015-12-15 14:56:14,814 - GAS_proj - INFO - Created event: EF584048-949C-404A-A047-BADDEAF18DAC
2015-12-15 14:56:14,815 - GAS_proj - INFO - New CCMS Scheduled Info B1801004 created successfully
2015-12-15 14:56:14,815 - GAS_proj - ERROR - Cant deserialize event: Wed Nov 18 00:00:00 IST 1970Thu Jan 01 09:00:00 IST 1970Thu Jan 01 09:00:00 IST 1970Thu Jan 01 00:10:00 IST 197013Thu Jan 01 00:00:30 IST 1970RPTC30S16M3Sch.
2015-12-15 14:56:14,816 - GAS_proj - INFO - Created event: 3203E8AA-EDDB-4D69-8631-C6ACB4285E5F
2015-12-15 14:56:14,817 - GAS_proj - INFO - Created event: 90616084-FD99-4623-A54E-04FEBD4E7624
2015-12-15 14:56:14,817 - GAS_proj - INFO - Created event: 1B1DD6C1-2743-4D02-BE28-CA805C9D4D7B
2015-12-15 14:56:14,818 - GAS_proj - INFO - Created event: DC5CE610-E59D-4BFE-B701-E6D9BAA6CAA6
2015-12-15 14:56:55,945 - GAS_proj - INFO - New CCMS Scheduled Info B1801001 created successfully
2015-12-15 14:56:55,946 - GAS_proj - ERROR - Cant deserialize event: Wed Nov 18 00:00:00 IST 1970Thu Jan 01 09:00:00 IST 1970Thu Jan 01 09:00:00 IST 1970Thu Jan 01 00:10:00 IST 197012Thu Jan 01 00:00:30 IST 1970RPTC30S16M2Sch.
2015-12-15 14:56:55,946 - GAS_proj - INFO - Created event: 19DDBAC4-4EFE-48C5-BAF8-C783DFBD6E14
2015-12-15 14:56:55,947 - GAS_proj - INFO - Created event: 42333FF4-37F7-46DA-980C-A31DE7E8555E
2015-12-15 14:56:55,948 - GAS_proj - INFO - Created event: A14FC3F9-2A23-41A6-8DDB-A96C96B9AF5A
2015-12-15 14:56:55,949 - GAS_proj - INFO - Created event: B62D1C4A-22C8-4CE0-90D7-37DE43B0EFCB
2015-12-15 14:56:55,949 - GAS_proj - INFO - New CCMS Scheduled Info B1801003 created successfully
2015-12-15 14:56:55,950 - GAS_proj - ERROR - Cant deserialize event: Wed Nov 18 00:00:00 IST 1970Thu Jan 01 09:00:00 IST 1970Thu Jan 01 09:00:00 IST 1970Thu Jan 01 00:10:00 IST 197013Thu Jan 01 00:00:30 IST 1970RPTC30S16M3Sch.
2015-12-15 14:56:55,951 - GAS_proj - INFO - Created event: 1A426652-846F-487C-A6F3-2E6D2E40BC5D
2015-12-15 14:56:55,952 - GAS_proj - INFO - Created event: 21D60AB4-3641-430D-8A14-E50FD4051AD5
2015-12-15 14:56:55,952 - GAS_proj - INFO - Created event: 19FF1959-EA5B-4608-BD80-05DD3445F66A
2015-12-15 14:56:55,953 - GAS_proj - INFO - Created event: 1D6F72AC-1B61-4B5D-8969-5413EBEE4937
2015-12-15 14:56:55,954 - GAS_proj - INFO - New CCMS Scheduled Info B1801004 created successfully
2015-12-15 14:56:55,954 - GAS_proj - ERROR - Cant deserialize event: Wed Nov 18 00:00:00 IST 1970Thu Jan 01 09:00:00 IST 1970Thu Jan 01 09:00:00 IST 1970Thu Jan 01 00:10:00 IST 197013Thu Jan 01 00:00:30 IST 1970RPTC30S16M3Sch.
2015-12-15 14:56:55,955 - GAS_proj - INFO - Created event: 44CC677A-E679-43F5-8EEB-89B82AE98611
2015-12-15 14:56:55,955 - GAS_proj - INFO - Created event: CE13E194-C926-44F7-8F77-11C2349D5C35
2015-12-15 14:56:55,956 - GAS_proj - INFO - Created event: A7A38655-6522-4F09-9DC5-453B4334E17B
2015-12-15 14:56:55,957 - GAS_proj - INFO - Created event: 631460CC-3681-4328-BDC7-79117098708F
2015-12-15 14:56:56,750 - GAS_proj - INFO - New CCMS Scheduled Info B1801001 created successfully
2015-12-15 14:56:56,750 - GAS_proj - ERROR - Cant deserialize event: Wed Nov 18 00:00:00 IST 1970Thu Jan 01 09:00:00 IST 1970Thu Jan 01 09:00:00 IST 1970Thu Jan 01 00:10:00 IST 197012Thu Jan 01 00:00:30 IST 1970RPTC30S16M2Sch.
2015-12-15 14:56:56,751 - GAS_proj - INFO - Created event: 336CF282-7FCB-41D0-B8F0-41B498868418
2015-12-15 14:56:56,752 - GAS_proj - INFO - Created event: AD64A782-C9DB-4753-9785-A905E1C0BB74
2015-12-15 14:56:56,753 - GAS_proj - INFO - Created event: 19280FF7-391B-46E2-A50D-C5A7996C6113
2015-12-15 14:56:56,754 - GAS_proj - INFO - Created event: 67C782D3-26BB-4863-8EE6-E52C992D5B5F
2015-12-15 14:56:56,755 - GAS_proj - INFO - New CCMS Scheduled Info B1801003 created successfully
2015-12-15 14:56:56,756 - GAS_proj - ERROR - Cant deserialize event: Wed Nov 18 00:00:00 IST 1970Thu Jan 01 09:00:00 IST 1970Thu Jan 01 09:00:00 IST 1970Thu Jan 01 00:10:00 IST 197013Thu Jan 01 00:00:30 IST 1970RPTC30S16M3Sch.
2015-12-15 14:56:56,756 - GAS_proj - INFO - Created event: F8A43378-0B85-42DC-B936-232FBA62BBF0
2015-12-15 14:56:56,757 - GAS_proj - INFO - Created event: D4DF7557-3129-4A95-99D3-3A4BE76FB242
2015-12-15 14:56:56,758 - GAS_proj - INFO - Created event: EDFB0419-2B96-4A66-87B5-F84EB50A88F2
2015-12-15 14:56:56,758 - GAS_proj - INFO - Created event: F1DD2DEA-115F-4132-981B-C71010EA207B
2015-12-15 14:56:56,759 - GAS_proj - INFO - New CCMS Scheduled Info B1801004 created successfully
2015-12-15 14:56:56,759 - GAS_proj - ERROR - Cant deserialize event: Wed Nov 18 00:00:00 IST 1970Thu Jan 01 09:00:00 IST 1970Thu Jan 01 09:00:00 IST 1970Thu Jan 01 00:10:00 IST 197013Thu Jan 01 00:00:30 IST 1970RPTC30S16M3Sch.
2015-12-15 14:56:56,760 - GAS_proj - INFO - Created event: CAFA2550-B145-4AD6-B40E-8263840A471D
2015-12-15 14:56:56,761 - GAS_proj - INFO - Created event: 6CBC8A8C-86AB-4795-895F-F91E41D0D28E
2015-12-15 14:56:56,761 - GAS_proj - INFO - Created event: BEE4CCE4-D1A1-45A4-B132-A7371EF32AA2
2015-12-15 14:56:56,762 - GAS_proj - INFO - Created event: 933AFEFD-9E33-4183-A8A7-F302B714551C
2015-12-15 14:59:34,315 - GAS_proj - INFO - New CCMS Scheduled Info B1801001 created successfully
2015-12-15 14:59:34,318 - GAS_proj - ERROR - Cant deserialize event: Wed Nov 18 00:00:00 IST 1970nullnullnull00nullnullnull
2015-12-15 14:59:34,322 - GAS_proj - INFO - Created event: EFDBC547-3336-41C5-86BB-CEB32F5C353E
2015-12-15 14:59:34,323 - GAS_proj - INFO - Created event: 1262D1A7-AE27-4890-A5E2-B72B471E7CED
2015-12-15 14:59:34,324 - GAS_proj - INFO - Created event: CF9E0923-BA9D-4E9A-A29F-B6EF101C3E24
2015-12-15 14:59:34,325 - GAS_proj - INFO - Created event: A0017782-82FF-4787-A05B-D7E786FD109E
2015-12-15 14:59:34,325 - GAS_proj - INFO - New CCMS Scheduled Info B1801003 created successfully
2015-12-15 14:59:34,326 - GAS_proj - ERROR - Cant deserialize event: Wed Nov 18 00:00:00 IST 1970Thu Jan 01 09:00:00 IST 1970Thu Jan 01 09:00:00 IST 1970Thu Jan 01 00:10:00 IST 197013Thu Jan 01 00:00:30 IST 1970RPTC30S16M3Sch.
2015-12-15 14:59:34,326 - GAS_proj - INFO - Created event: 449D6C4A-2F2B-492A-8A81-F51A10B6672C
2015-12-15 14:59:34,327 - GAS_proj - INFO - Created event: F52D6E30-D4C1-48CA-A3A9-785DCC960AC0
2015-12-15 14:59:34,328 - GAS_proj - INFO - Created event: 51EA8CC4-1000-4F59-959F-DD0670058093
2015-12-15 14:59:34,329 - GAS_proj - INFO - Created event: A5EB3915-49FA-4FF0-A0B4-30506C2B235E
2015-12-15 14:59:34,329 - GAS_proj - INFO - New CCMS Scheduled Info B1801004 created successfully
2015-12-15 14:59:34,330 - GAS_proj - ERROR - Cant deserialize event: Wed Nov 18 00:00:00 IST 1970Thu Jan 01 09:00:00 IST 1970Thu Jan 01 09:00:00 IST 1970Thu Jan 01 00:10:00 IST 197013Thu Jan 01 00:00:30 IST 1970RPTC30S16M3Sch.
2015-12-15 14:59:34,331 - GAS_proj - INFO - Created event: DBCAD11A-F30E-4BA6-BC4B-CD691DA6FF72
2015-12-15 14:59:34,332 - GAS_proj - INFO - Created event: 32C5D47A-7914-4EAC-9B3B-EC349769D6FC
2015-12-15 14:59:34,333 - GAS_proj - INFO - Created event: BCAFC6EC-F251-4223-97E0-F3BE00DEDC8D
2015-12-15 14:59:34,333 - GAS_proj - INFO - Created event: E6B6111F-EB97-46EA-B6C6-6CC2829B1AAF
2015-12-15 15:03:23,446 - GAS_proj - INFO - New CCMS Scheduled Info B1801001 created successfully
2015-12-15 15:03:23,449 - GAS_proj - ERROR - Cant deserialize event: Wed Nov 18 00:00:00 IST 1970nullnullnull00nullnullnull
2015-12-15 15:03:23,452 - GAS_proj - INFO - Created event: 0ADC753B-A49E-4739-A9B4-48C9AA326B56
2015-12-15 15:03:23,453 - GAS_proj - INFO - Created event: 2407160F-4133-48FD-B3C6-6CF6E0148E5C
2015-12-15 15:03:23,453 - GAS_proj - INFO - Created event: 484F0911-8F6C-419B-9EAE-D91C77A01240
2015-12-15 15:03:23,454 - GAS_proj - INFO - Created event: 4CDB85CB-6147-4F8E-93C7-312FDB193C44
2015-12-15 15:03:23,455 - GAS_proj - INFO - New CCMS Scheduled Info B1801003 created successfully
2015-12-15 15:03:23,455 - GAS_proj - ERROR - Cant deserialize event: Wed Nov 18 00:00:00 IST 1970Thu Jan 01 09:00:00 IST 1970Thu Jan 01 09:00:00 IST 1970Thu Jan 01 00:10:00 IST 197013Thu Jan 01 00:00:30 IST 1970RPTC30S16M3Sch.
2015-12-15 15:03:23,456 - GAS_proj - INFO - Created event: E894BED0-5AD5-41D9-B12E-E98EE471F9BD
2015-12-15 15:03:23,458 - GAS_proj - INFO - Created event: B13EACC4-637E-4E29-B9C6-5D44A7247F57
2015-12-15 15:03:23,459 - GAS_proj - INFO - Created event: ECD9DDBB-6C3E-45DF-8558-B9FC01201AD6
2015-12-15 15:03:23,460 - GAS_proj - INFO - Created event: 57656A2C-353F-4E8E-8340-B032AD5FB485
2015-12-15 15:03:23,461 - GAS_proj - INFO - New CCMS Scheduled Info B1801004 created successfully
2015-12-15 15:03:23,461 - GAS_proj - ERROR - Cant deserialize event: Wed Nov 18 00:00:00 IST 1970Thu Jan 01 09:00:00 IST 1970Thu Jan 01 09:00:00 IST 1970Thu Jan 01 00:10:00 IST 197013Thu Jan 01 00:00:30 IST 1970RPTC30S16M3Sch.
2015-12-15 15:03:23,462 - GAS_proj - INFO - Created event: C396FCCF-F4A4-4867-B595-46E786020D43
2015-12-15 15:03:23,463 - GAS_proj - INFO - Created event: 5D1BDFD7-6E16-4517-BF7C-FEDB83CCEB07
2015-12-15 15:03:23,464 - GAS_proj - INFO - Created event: F7C90F1E-318F-47E4-B7EA-7D88AEEAD7AE
2015-12-15 15:03:23,465 - GAS_proj - INFO - Created event: 178D4A39-C1D6-4C3C-AFA1-E6B117F32E53
2015-12-15 15:04:28,544 - GAS_proj - INFO - New CCMS Scheduled Info B1801001 created successfully
2015-12-15 15:04:28,545 - GAS_proj - ERROR - Cant deserialize event: Wed Nov 18 00:00:00 IST 1970Thu Jan 01 09:00:00 IST 1970Thu Jan 01 09:00:00 IST 1970Thu Jan 01 00:10:00 IST 197012Thu Jan 01 00:00:30 IST 1970RPTC30S16M2Sch.
2015-12-15 15:04:28,548 - GAS_proj - INFO - Created event: 86B8E534-77BF-4335-A178-5178CEFB6857
2015-12-15 15:04:28,549 - GAS_proj - INFO - Created event: 3288968A-C3CB-4839-BB6B-9D14F18DEAA1
2015-12-15 15:04:28,550 - GAS_proj - INFO - Created event: BE4B9763-4049-4954-84D8-C7CEF25D4721
2015-12-15 15:04:28,552 - GAS_proj - INFO - Created event: 9E1804EE-14E2-4F97-97AB-62311471E0FC
2015-12-15 15:04:28,553 - GAS_proj - INFO - New CCMS Scheduled Info B1801003 created successfully
2015-12-15 15:04:28,553 - GAS_proj - ERROR - Cant deserialize event: Wed Nov 18 00:00:00 IST 1970Thu Jan 01 09:00:00 IST 1970Thu Jan 01 09:00:00 IST 1970Thu Jan 01 00:10:00 IST 197013Thu Jan 01 00:00:30 IST 1970RPTC30S16M3Sch.
2015-12-15 15:04:28,555 - GAS_proj - INFO - Created event: D52BBE6F-B6C3-4C2F-881F-AC3E3CBC3A5A
2015-12-15 15:04:28,556 - GAS_proj - INFO - Created event: 91553B4B-6B72-42FE-8656-885A5936E01D
2015-12-15 15:04:28,558 - GAS_proj - INFO - Created event: 45B4BE2F-DCB5-4F10-864F-E6BACFE5957C
2015-12-15 15:04:28,559 - GAS_proj - INFO - Created event: CA5FF3E0-D573-4719-A444-E649609F3C0E
2015-12-15 15:04:28,560 - GAS_proj - INFO - New CCMS Scheduled Info B1801004 created successfully
2015-12-15 15:04:28,560 - GAS_proj - ERROR - Cant deserialize event: Wed Nov 18 00:00:00 IST 1970Thu Jan 01 09:00:00 IST 1970Thu Jan 01 09:00:00 IST 1970Thu Jan 01 00:10:00 IST 197013Thu Jan 01 00:00:30 IST 1970RPTC30S16M3Sch.
2015-12-15 15:04:28,561 - GAS_proj - INFO - Created event: 6623EA58-D15E-4556-9261-00B02435983D
2015-12-15 15:04:28,562 - GAS_proj - INFO - Created event: F7C9ABCE-27BC-4586-AF76-F52FF454CDE1
2015-12-15 15:04:28,562 - GAS_proj - INFO - Created event: 8BD924E6-B2B5-4D9D-B53A-57F125B7EE8E
2015-12-15 15:04:28,563 - GAS_proj - INFO - Created event: AF0DA03F-E6F6-41B1-AF39-6FA4CCC88350
2015-12-15 15:10:00,505 - GAS_proj - INFO - New CCMS Scheduled Info B1801001 created successfully
2015-12-15 15:10:00,509 - GAS_proj - ERROR - Cant deserialize event: Wed Nov 18 00:00:00 IST 1970nullnullnull00nullnullnull
2015-12-15 15:10:00,512 - GAS_proj - INFO - Created event: 9538529F-0D47-4570-BA11-2BCFDFC951D7
2015-12-15 15:10:00,513 - GAS_proj - INFO - Created event: 12CDA0F1-6837-42AA-A2B8-06A1CE5128A0
2015-12-15 15:10:00,514 - GAS_proj - INFO - Created event: FEB6B125-6B9F-4B33-B3A4-9900DCC078CF
2015-12-15 15:10:00,515 - GAS_proj - INFO - Created event: E83DB207-E623-4681-85D5-01145BC2B6A8
2015-12-15 15:10:00,515 - GAS_proj - INFO - New CCMS Scheduled Info B1801003 created successfully
2015-12-15 15:10:00,516 - GAS_proj - ERROR - Cant deserialize event: Wed Nov 18 00:00:00 IST 1970Thu Jan 01 09:00:00 IST 1970Thu Jan 01 09:00:00 IST 1970Thu Jan 01 00:10:00 IST 197013Thu Jan 01 00:00:30 IST 1970RPTC30S16M3Sch.
2015-12-15 15:10:00,517 - GAS_proj - INFO - Created event: A36461FF-CDBF-43DA-B008-C0782D3A0066
2015-12-15 15:10:00,517 - GAS_proj - INFO - Created event: 1BDFB216-2083-4755-82DA-82D740C1E9AC
2015-12-15 15:10:00,518 - GAS_proj - INFO - Created event: E9B94597-6BDF-4684-9B31-67EC1D89F56A
2015-12-15 15:10:00,519 - GAS_proj - INFO - Created event: 645B1615-5A37-4886-BEDA-BD94022CC1FB
2015-12-15 15:10:00,520 - GAS_proj - INFO - New CCMS Scheduled Info B1801004 created successfully
2015-12-15 15:10:00,520 - GAS_proj - ERROR - Cant deserialize event: Wed Nov 18 00:00:00 IST 1970Thu Jan 01 09:00:00 IST 1970Thu Jan 01 09:00:00 IST 1970Thu Jan 01 00:10:00 IST 197013Thu Jan 01 00:00:30 IST 1970RPTC30S16M3Sch.
2015-12-15 15:10:00,521 - GAS_proj - INFO - Created event: DC32216F-1819-4407-B705-94A4F8771BD5
2015-12-15 15:10:00,522 - GAS_proj - INFO - Created event: 1E4962C5-CA5E-4622-BB9E-095D730E81BC
2015-12-15 15:10:00,522 - GAS_proj - INFO - Created event: 245E6DCB-5881-4995-A1C3-95AF0F7DFC8A
2015-12-15 15:10:00,523 - GAS_proj - INFO - Created event: 9A591E01-BAD3-49DF-B9FF-FB499014992A
2015-12-15 15:34:50,523 - GAS_proj - INFO - New CCMS Scheduled Info B1801001 created successfully
2015-12-15 15:34:50,525 - GAS_proj - ERROR - Cant deserialize event: Wed Nov 18 00:00:00 IST 1970nullnullnull00nullnullnull
2015-12-15 15:34:50,527 - GAS_proj - INFO - Created event: B25EB6F3-2BF7-4D2A-840C-B28DD6A15957
2015-12-15 15:34:50,528 - GAS_proj - INFO - Created event: 242AC5D9-94FA-4151-A370-87CC2A5761B0
2015-12-15 15:34:50,529 - GAS_proj - INFO - Created event: 130D495E-4018-4A07-8FB5-4A0646F12966
2015-12-15 15:34:50,529 - GAS_proj - INFO - Created event: 4F337D90-303B-4E62-8345-348F289DD700
2015-12-15 15:34:50,530 - GAS_proj - INFO - New CCMS Scheduled Info B1801003 created successfully
2015-12-15 15:34:50,530 - GAS_proj - ERROR - Cant deserialize event: Wed Nov 18 00:00:00 IST 1970Thu Jan 01 09:00:00 IST 1970Thu Jan 01 09:00:00 IST 1970Thu Jan 01 00:10:00 IST 197013Thu Jan 01 00:00:30 IST 1970RPTC30S16M3Sch.
2015-12-15 15:34:50,531 - GAS_proj - INFO - Created event: E6A707CD-2773-4B70-B660-BE0F1E641F25
2015-12-15 15:34:50,532 - GAS_proj - INFO - Created event: B988D5CC-E7B0-4036-BAF7-71E48BA72034
2015-12-15 15:34:50,532 - GAS_proj - INFO - Created event: BCDD7C93-7F51-4F8B-ABA5-95838A62BF62
2015-12-15 15:34:50,533 - GAS_proj - INFO - Created event: 9BDF4692-D0A7-41F5-91E0-F1E48E4EF7B9
2015-12-15 15:34:50,533 - GAS_proj - INFO - New CCMS Scheduled Info B1801004 created successfully
2015-12-15 15:34:50,534 - GAS_proj - ERROR - Cant deserialize event: Wed Nov 18 00:00:00 IST 1970Thu Jan 01 09:00:00 IST 1970Thu Jan 01 09:00:00 IST 1970Thu Jan 01 00:10:00 IST 197013Thu Jan 01 00:00:30 IST 1970RPTC30S16M3Sch.
2015-12-15 15:34:50,535 - GAS_proj - INFO - Created event: B9965D5E-49EF-4144-906E-D4BF6146BA61
2015-12-15 15:34:50,535 - GAS_proj - INFO - Created event: 3E7FB6EC-9927-4C40-A120-DD9F20416242
2015-12-15 15:34:50,536 - GAS_proj - INFO - Created event: 1F47AFC6-BA20-4496-9C91-E2BA6CEDFD41
2015-12-15 15:34:50,537 - GAS_proj - INFO - Created event: EF21699D-01D4-4092-883A-5BC8247707B1
2015-12-15 15:37:52,476 - GAS_proj - INFO - New CCMS Scheduled Info B1801001 created successfully
2015-12-15 15:37:52,479 - GAS_proj - ERROR - Cant deserialize event: Wed Nov 18 00:00:00 IST 1970nullnullnull00nullnullnull
2015-12-15 15:37:52,483 - GAS_proj - INFO - Created event: 652A2DF9-E954-401E-888E-5B6747C51DFC
2015-12-15 15:37:52,485 - GAS_proj - INFO - Created event: A2E367F0-0278-43E4-8660-7B9CCE72F772
2015-12-15 15:37:52,487 - GAS_proj - INFO - Created event: 023E6B73-446C-4E0D-9631-E6F1D5BD33B5
2015-12-15 15:37:52,488 - GAS_proj - INFO - Created event: C5BAD944-A586-4E65-8861-72DEB80A6EF2
2015-12-15 15:37:52,489 - GAS_proj - INFO - New CCMS Scheduled Info B1801003 created successfully
2015-12-15 15:37:52,490 - GAS_proj - ERROR - Cant deserialize event: Wed Nov 18 00:00:00 IST 1970Thu Jan 01 09:00:00 IST 1970Thu Jan 01 09:00:00 IST 1970Thu Jan 01 00:10:00 IST 197013Thu Jan 01 00:00:30 IST 1970RPTC30S16M3Sch.
2015-12-15 15:37:52,491 - GAS_proj - INFO - Created event: 4E92B32E-B68C-4C69-8CEC-3B095B3C35FE
2015-12-15 15:37:52,492 - GAS_proj - INFO - Created event: 54D206F0-A9BF-4FEB-96A8-A96BB9BC2541
2015-12-15 15:37:52,493 - GAS_proj - INFO - Created event: 00A73EE4-7AE1-4A4F-AAF8-462C422DE193
2015-12-15 15:37:52,494 - GAS_proj - INFO - Created event: 1D1AE69F-849C-48CF-B3B6-C2B799973707
2015-12-15 15:37:52,495 - GAS_proj - INFO - New CCMS Scheduled Info B1801004 created successfully
2015-12-15 15:37:52,495 - GAS_proj - ERROR - Cant deserialize event: Wed Nov 18 00:00:00 IST 1970Thu Jan 01 09:00:00 IST 1970Thu Jan 01 09:00:00 IST 1970Thu Jan 01 00:10:00 IST 197013Thu Jan 01 00:00:30 IST 1970RPTC30S16M3Sch.
2015-12-15 15:37:52,496 - GAS_proj - INFO - Created event: 5DF99490-F65F-4468-BBE5-CBF3FDB77150
2015-12-15 15:37:52,497 - GAS_proj - INFO - Created event: A6B475BF-D9A7-448F-81FA-187A3EF93526
2015-12-15 15:37:52,498 - GAS_proj - INFO - Created event: 571AF1CE-6A86-42A5-B542-86A48486F313
2015-12-15 15:37:52,499 - GAS_proj - INFO - Created event: E25B3D8B-3CB6-470A-8846-942625EBF179
2015-12-15 15:39:10,472 - GAS_proj - INFO - Created event: A9BA5036-3242-4562-8F2B-906703AAC099
2015-12-16 11:37:20,734 - GAS_proj - INFO - New CCMS Scheduled Info B1801001 created successfully
2015-12-16 11:37:20,736 - GAS_proj - ERROR - Cant deserialize event: Wed Nov 18 00:00:00 IST 1970nullnullnull00nullnullnull
2015-12-16 11:37:20,739 - GAS_proj - INFO - Created event: C819A6DA-E423-4BC4-8327-7E2726B3FDD3
2015-12-16 11:37:20,740 - GAS_proj - INFO - Created event: 61C20D7A-6574-430A-A72F-A73D064D2640
2015-12-16 11:37:20,741 - GAS_proj - INFO - Created event: A4BC31D3-3F68-465F-8FD5-0C37485C7D48
2015-12-16 11:37:20,742 - GAS_proj - INFO - Created event: 4159BC48-36EA-492E-904B-FA7F66D811B3
2015-12-16 11:37:20,743 - GAS_proj - INFO - New CCMS Scheduled Info B1801003 created successfully
2015-12-16 11:37:20,743 - GAS_proj - ERROR - Cant deserialize event: Wed Nov 18 00:00:00 IST 1970Thu Jan 01 09:00:00 IST 1970Thu Jan 01 09:00:00 IST 1970Thu Jan 01 00:10:00 IST 197013Thu Jan 01 00:00:30 IST 1970RPTC30S16M3Sch.
2015-12-16 11:37:20,744 - GAS_proj - INFO - Created event: B7F6B32A-EC0C-4555-924B-33C1AC6A5265
2015-12-16 11:37:20,745 - GAS_proj - INFO - Created event: CD4FF06A-CB84-41A4-9555-1468CBC20BCA
2015-12-16 11:37:20,746 - GAS_proj - INFO - Created event: B97221DC-E148-4B6D-A376-3378C5D266B7
2015-12-16 11:37:20,747 - GAS_proj - INFO - Created event: 94C95116-BA65-42CD-97CB-63EFD5A57C6E
2015-12-16 11:37:20,747 - GAS_proj - INFO - New CCMS Scheduled Info B1801004 created successfully
2015-12-16 11:37:20,748 - GAS_proj - ERROR - Cant deserialize event: Wed Nov 18 00:00:00 IST 1970Thu Jan 01 09:00:00 IST 1970Thu Jan 01 09:00:00 IST 1970Thu Jan 01 00:10:00 IST 197013Thu Jan 01 00:00:30 IST 1970RPTC30S16M3Sch.
2015-12-16 11:37:20,749 - GAS_proj - INFO - Created event: D22E312C-BFEF-4D8E-95E3-540EAA13B7CD
2015-12-16 11:37:20,749 - GAS_proj - INFO - Created event: 2B5F0A65-8598-45F2-A035-0FED2AD6E4CD
2015-12-16 11:37:20,750 - GAS_proj - INFO - Created event: 0980AF4B-102F-4809-AA79-1FE9E6F0D310
2015-12-16 11:37:20,753 - GAS_proj - INFO - Created event: 0D1879DD-F839-41EE-9FED-134F8EF95475
2015-12-16 11:38:05,649 - GAS_proj - INFO - Created event: DBA4AAFB-4FC2-4586-9B50-5217306A85E4
2015-12-16 11:44:43,274 - GAS_proj - INFO - New CCMS Scheduled Info B1801001 created successfully
2015-12-16 11:44:43,276 - GAS_proj - ERROR - Cant deserialize event: Wed Nov 18 00:00:00 IST 1970nullnullnull00nullnullnull
2015-12-16 11:44:43,278 - GAS_proj - INFO - Created event: 3FA74DD2-EC86-48ED-85C2-E72A36B43BC3
2015-12-16 11:44:43,280 - GAS_proj - INFO - Created event: C97CDD45-5B7A-445A-873B-E9C61738C2A6
2015-12-16 11:44:43,281 - GAS_proj - INFO - Created event: 6F869AEA-9AD0-424E-8FDC-490CF5024C07
2015-12-16 11:44:43,282 - GAS_proj - INFO - Created event: 2B4C1D7C-DDDA-4844-B1EB-F88163DFD2A5
2015-12-16 11:44:43,283 - GAS_proj - INFO - New CCMS Scheduled Info B1801003 created successfully
2015-12-16 11:44:43,284 - GAS_proj - ERROR - Cant deserialize event: Wed Nov 18 00:00:00 IST 1970Thu Jan 01 09:00:00 IST 1970Thu Jan 01 09:00:00 IST 1970Thu Jan 01 00:10:00 IST 197013Thu Jan 01 00:00:30 IST 1970RPTC30S16M3Sch.
2015-12-16 11:44:43,286 - GAS_proj - INFO - Created event: 42FD284D-318A-4922-ACD1-CD51499E1716
2015-12-16 11:44:43,287 - GAS_proj - INFO - Created event: BF4AEE31-263E-4A77-A867-585A66E7E3D3
2015-12-16 11:44:43,289 - GAS_proj - INFO - Created event: 0E72D4F5-C1D5-4FA1-9560-9C74831E802C
2015-12-16 11:44:43,290 - GAS_proj - INFO - Created event: B8E40EF8-530E-47CF-BABF-56628348513B
2015-12-16 11:44:43,291 - GAS_proj - INFO - New CCMS Scheduled Info B1801004 created successfully
2015-12-16 11:44:43,292 - GAS_proj - ERROR - Cant deserialize event: Wed Nov 18 00:00:00 IST 1970Thu Jan 01 09:00:00 IST 1970Thu Jan 01 09:00:00 IST 1970Thu Jan 01 00:10:00 IST 197013Thu Jan 01 00:00:30 IST 1970RPTC30S16M3Sch.
2015-12-16 11:44:43,293 - GAS_proj - INFO - Created event: 67BA11DD-0921-4200-BCB1-4A5C197C6101
2015-12-16 11:44:43,295 - GAS_proj - INFO - Created event: 154E7F19-1357-4D2D-B40F-82574E61DBEB
2015-12-16 11:44:43,296 - GAS_proj - INFO - Created event: 83869534-D7BE-48B9-B257-B110C103ADEA
2015-12-16 11:44:43,298 - GAS_proj - INFO - Created event: 1FFA06D4-00D5-4F8B-9736-DEDA5C342D48
2015-12-16 12:12:26,065 - GAS_proj - INFO - New CCMS Scheduled Info B1801001 created successfully
2015-12-16 12:12:26,068 - GAS_proj - ERROR - Cant deserialize event: Wed Nov 18 00:00:00 IST 1970nullnullnull00nullnullnull
2015-12-16 12:12:26,070 - GAS_proj - INFO - Created event: B5A28945-B9F8-4E6B-A289-70004B96709E
2015-12-16 12:12:26,071 - GAS_proj - INFO - Created event: 18EA329A-2CCC-46D2-A2CD-C454265E249F
2015-12-16 12:12:26,072 - GAS_proj - INFO - Created event: 3D7B5E71-E953-4C22-94F7-EE25450FCEDA
2015-12-16 12:12:26,073 - GAS_proj - INFO - Created event: 595ED35F-5EAA-4F32-B7FC-27461AE95A59
2015-12-16 12:12:26,073 - GAS_proj - INFO - New CCMS Scheduled Info B1801003 created successfully
2015-12-16 12:12:26,074 - GAS_proj - ERROR - Cant deserialize event: Wed Nov 18 00:00:00 IST 1970Thu Jan 01 09:00:00 IST 1970Thu Jan 01 09:00:00 IST 1970Thu Jan 01 00:10:00 IST 197013Thu Jan 01 00:00:30 IST 1970RPTC30S16M3Sch.
2015-12-16 12:12:26,075 - GAS_proj - INFO - Created event: 425FFD5C-DA41-46C3-B0A0-0AB1D9644EFD
2015-12-16 12:12:26,076 - GAS_proj - INFO - Created event: 2531DF39-687C-4C01-A5E0-95521DFADA6F
2015-12-16 12:12:26,076 - GAS_proj - INFO - Created event: FDCC8DDC-7784-4723-9923-5D25244D4247
2015-12-16 12:12:26,077 - GAS_proj - INFO - Created event: 4F46AFA3-C158-431F-8251-6BD8FD504168
2015-12-16 12:12:26,078 - GAS_proj - INFO - New CCMS Scheduled Info B1801004 created successfully
2015-12-16 12:12:26,078 - GAS_proj - ERROR - Cant deserialize event: Wed Nov 18 00:00:00 IST 1970Thu Jan 01 09:00:00 IST 1970Thu Jan 01 09:00:00 IST 1970Thu Jan 01 00:10:00 IST 197013Thu Jan 01 00:00:30 IST 1970RPTC30S16M3Sch.
2015-12-16 12:12:26,079 - GAS_proj - INFO - Created event: 723A2E76-A092-4876-8787-5529249C5200
2015-12-16 12:12:26,080 - GAS_proj - INFO - Created event: CE8736D0-4DE9-4788-BCC5-75A69EF19FE7
2015-12-16 12:12:26,081 - GAS_proj - INFO - Created event: CC9BC819-F843-4D31-86BF-8DCE45078536
2015-12-16 12:12:26,082 - GAS_proj - INFO - Created event: 398B1471-2CBB-4250-A607-594C31185413
2015-12-16 12:13:34,220 - GAS_proj - INFO - Created event: 195A3679-122E-4729-8AB1-1ED0A532AF1F
2015-12-16 12:41:04,171 - GAS_proj - INFO - New CCMS Scheduled Info B1801001 created successfully
2015-12-16 12:41:04,174 - GAS_proj - ERROR - Cant deserialize event: Wed Nov 18 00:00:00 IST 1970nullnullnull00nullnullnull
2015-12-16 12:41:04,177 - GAS_proj - INFO - Created event: 88437B34-AD33-4CD3-9039-75AB5B8146DB
2015-12-16 12:41:04,177 - GAS_proj - INFO - Created event: 3E223442-0499-48E6-8404-4D53417D7C10
2015-12-16 12:41:04,178 - GAS_proj - INFO - Created event: B93DBD70-211D-48D8-A457-F4A9BF33B0EE
2015-12-16 12:41:04,179 - GAS_proj - INFO - Created event: 5387D815-A705-4B29-8569-099165A9AC8E
2015-12-16 12:41:04,180 - GAS_proj - INFO - New CCMS Scheduled Info B1801003 created successfully
2015-12-16 12:41:04,180 - GAS_proj - ERROR - Cant deserialize event: Wed Nov 18 00:00:00 IST 1970Thu Jan 01 09:00:00 IST 1970Thu Jan 01 09:00:00 IST 1970Thu Jan 01 00:10:00 IST 197013Thu Jan 01 00:00:30 IST 1970RPTC30S16M3Sch.
2015-12-16 12:41:04,181 - GAS_proj - INFO - Created event: E6510F7F-4676-4FC2-A7F4-0A18D86986C2
2015-12-16 12:41:04,182 - GAS_proj - INFO - Created event: EFD0E87A-EF20-4742-8A5B-4B70ABA9CC78
2015-12-16 12:41:04,183 - GAS_proj - INFO - Created event: C3605C84-2723-4BB9-AB98-FA1AC8B23815
2015-12-16 12:41:04,183 - GAS_proj - INFO - Created event: 02288108-40A0-4CFF-8CCC-DF40F720F94A
2015-12-16 12:41:04,184 - GAS_proj - INFO - New CCMS Scheduled Info B1801004 created successfully
2015-12-16 12:41:04,184 - GAS_proj - ERROR - Cant deserialize event: Wed Nov 18 00:00:00 IST 1970Thu Jan 01 09:00:00 IST 1970Thu Jan 01 09:00:00 IST 1970Thu Jan 01 00:10:00 IST 197013Thu Jan 01 00:00:30 IST 1970RPTC30S16M3Sch.
2015-12-16 12:41:04,185 - GAS_proj - INFO - Created event: CC9C2D2E-C6BE-4C9B-BAC5-D4027C707AD3
2015-12-16 12:41:04,186 - GAS_proj - INFO - Created event: E7948B4D-0709-4D5D-B50F-8CA1FD7B651F
2015-12-16 12:41:04,187 - GAS_proj - INFO - Created event: C845147B-A50F-40C7-A549-CEC5CCDDDCFC
2015-12-16 12:41:04,188 - GAS_proj - INFO - Created event: D0F43F7D-CF6D-4E01-92D7-327EAA49DE94
2015-12-16 14:47:17,706 - GAS_proj - INFO - New CCMS Scheduled Info B1801001 created successfully
2015-12-16 14:47:17,709 - GAS_proj - ERROR - Cant deserialize event: Wed Nov 18 00:00:00 IST 1970nullnullnull00nullnullnull
2015-12-16 14:47:17,713 - GAS_proj - INFO - Created event: 75EEC75E-9952-4385-AD98-ECB1642E34DE
2015-12-16 14:47:17,715 - GAS_proj - INFO - Created event: B5017842-BB89-4E92-BBFE-23B25331869E
2015-12-16 14:47:17,716 - GAS_proj - INFO - Created event: 4E84E1A8-8E7F-45A1-B799-80462871E3F5
2015-12-16 14:47:17,716 - GAS_proj - INFO - Created event: 0EE8DB32-2C06-4B18-8922-9228EEF800B2
2015-12-16 14:47:17,717 - GAS_proj - INFO - New CCMS Scheduled Info B1801003 created successfully
2015-12-16 14:47:17,717 - GAS_proj - ERROR - Cant deserialize event: Wed Nov 18 00:00:00 IST 1970Thu Jan 01 09:00:00 IST 1970Thu Jan 01 09:00:00 IST 1970Thu Jan 01 00:10:00 IST 197013Thu Jan 01 00:00:30 IST 1970RPTC30S16M3Sch.
2015-12-16 14:47:17,718 - GAS_proj - INFO - Created event: C2490999-0082-4F18-BF3E-AF3920B3820F
2015-12-16 14:47:17,719 - GAS_proj - INFO - Created event: A686FE61-CD21-4C5C-9567-1F8F638F161A
2015-12-16 14:47:17,720 - GAS_proj - INFO - Created event: 498A493B-E507-4CE8-A20B-F48E24A22563
2015-12-16 14:47:17,721 - GAS_proj - INFO - Created event: 3538E9DE-EFD0-41AD-BDE3-8ECA251B4786
2015-12-16 14:47:17,722 - GAS_proj - INFO - New CCMS Scheduled Info B1801004 created successfully
2015-12-16 14:47:17,722 - GAS_proj - ERROR - Cant deserialize event: Wed Nov 18 00:00:00 IST 1970Thu Jan 01 09:00:00 IST 1970Thu Jan 01 09:00:00 IST 1970Thu Jan 01 00:10:00 IST 197013Thu Jan 01 00:00:30 IST 1970RPTC30S16M3Sch.
2015-12-16 14:47:17,723 - GAS_proj - INFO - Created event: E2183156-46BF-43DC-8AC9-65800A6EB709
2015-12-16 14:47:17,724 - GAS_proj - INFO - Created event: E8B02055-C27B-4970-81E7-FE387A41FCA4
2015-12-16 14:47:17,725 - GAS_proj - INFO - Created event: 31DE7D47-4109-4278-9797-5A5B42764433
2015-12-16 14:47:17,726 - GAS_proj - INFO - Created event: 7D1CF7CD-3696-4660-930D-0194449EEC2E
2015-12-16 14:48:01,034 - GAS_proj - INFO - Created event: 9D9B0DB3-B0AA-4B29-BB43-C6C9341C6A53
2015-12-16 14:53:00,251 - GAS_proj - INFO - New CCMS Scheduled Info B1801001 created successfully
2015-12-16 14:53:00,253 - GAS_proj - ERROR - Cant deserialize event: Wed Nov 18 00:00:00 IST 1970nullnullnull00nullnullnull
2015-12-16 14:53:00,256 - GAS_proj - INFO - Created event: CC143433-E142-4089-A69E-087FD4AB65A1
2015-12-16 14:53:00,257 - GAS_proj - INFO - Created event: 16BA9759-AFB1-4571-9FB5-C0E615F5917E
2015-12-16 14:53:00,257 - GAS_proj - INFO - Created event: 7C441E77-5929-47E8-9271-34C83A8CF6CF
2015-12-16 14:53:00,258 - GAS_proj - INFO - Created event: 1238B47E-8500-4997-AEFE-F61518A2C18D
2015-12-16 14:53:00,259 - GAS_proj - INFO - New CCMS Scheduled Info B1801003 created successfully
2015-12-16 14:53:00,259 - GAS_proj - ERROR - Cant deserialize event: Wed Nov 18 00:00:00 IST 1970Thu Jan 01 09:00:00 IST 1970Thu Jan 01 09:00:00 IST 1970Thu Jan 01 00:10:00 IST 197013Thu Jan 01 00:00:30 IST 1970RPTC30S16M3Sch.
2015-12-16 14:53:00,260 - GAS_proj - INFO - Created event: BBD50342-D185-4F72-964C-02670811C37E
2015-12-16 14:53:00,261 - GAS_proj - INFO - Created event: 61D489AA-2A46-45BB-B9D6-017964BFA513
2015-12-16 14:53:00,262 - GAS_proj - INFO - Created event: D4EA851A-ED40-46E9-B8A8-EEFBBF9EE9B6
2015-12-16 14:53:00,263 - GAS_proj - INFO - Created event: AB886132-EDFB-4C68-B951-957ED52912DB
2015-12-16 14:53:00,263 - GAS_proj - INFO - New CCMS Scheduled Info B1801004 created successfully
2015-12-16 14:53:00,263 - GAS_proj - ERROR - Cant deserialize event: Wed Nov 18 00:00:00 IST 1970Thu Jan 01 09:00:00 IST 1970Thu Jan 01 09:00:00 IST 1970Thu Jan 01 00:10:00 IST 197013Thu Jan 01 00:00:30 IST 1970RPTC30S16M3Sch.
2015-12-16 14:53:00,264 - GAS_proj - INFO - Created event: 90FE1212-7057-4219-945E-4703F18FCE11
2015-12-16 14:53:00,265 - GAS_proj - INFO - Created event: F75354F4-641B-4EAC-A55B-75E5E9DF1FBD
2015-12-16 14:53:00,266 - GAS_proj - INFO - Created event: E79F23DA-8F41-4C69-9074-B2DA9B231E49
2015-12-16 14:53:00,266 - GAS_proj - INFO - Created event: FF000CA2-08A3-4076-862C-A5B7F91889C6
2015-12-16 15:03:42,965 - GAS_proj - INFO - New CCMS Scheduled Info B1801001 created successfully
2015-12-16 15:03:42,967 - GAS_proj - ERROR - Cant deserialize event: Wed Nov 18 00:00:00 IST 1970nullnullnull00nullnullnull
2015-12-16 15:03:42,970 - GAS_proj - INFO - Created event: 31EB14D5-DA63-4AC5-BE66-70F3B5FCB59A
2015-12-16 15:03:42,971 - GAS_proj - INFO - Created event: BFFFC70C-B766-4F14-8CA9-53EC78F8D7DD
2015-12-16 15:03:42,972 - GAS_proj - INFO - Created event: 2F20466C-834D-4833-9810-BC46873F3857
2015-12-16 15:03:42,973 - GAS_proj - INFO - Created event: 0173A5AA-BB0E-4428-854B-CEEC4200637D
2015-12-16 15:03:42,973 - GAS_proj - INFO - New CCMS Scheduled Info B1801003 created successfully
2015-12-16 15:03:42,974 - GAS_proj - ERROR - Cant deserialize event: Wed Nov 18 00:00:00 IST 1970Thu Jan 01 09:00:00 IST 1970Thu Jan 01 09:00:00 IST 1970Thu Jan 01 00:10:00 IST 197013Thu Jan 01 00:00:30 IST 1970RPTC30S16M3Sch.
2015-12-16 15:03:42,975 - GAS_proj - INFO - Created event: 088F837F-56D3-4B06-8CCD-6599D66BF27F
2015-12-16 15:03:42,975 - GAS_proj - INFO - Created event: 52CF5616-E2B7-4486-BCF3-92FE9CC4B64D
2015-12-16 15:03:42,976 - GAS_proj - INFO - Created event: D81BA0F5-2548-4A45-8061-82DBDB1BEDAA
2015-12-16 15:03:42,977 - GAS_proj - INFO - Created event: EB227B2C-99A1-4B9E-8DD6-683A11F0BAFE
2015-12-16 15:03:42,977 - GAS_proj - INFO - New CCMS Scheduled Info B1801004 created successfully
2015-12-16 15:03:42,978 - GAS_proj - ERROR - Cant deserialize event: Wed Nov 18 00:00:00 IST 1970Thu Jan 01 09:00:00 IST 1970Thu Jan 01 09:00:00 IST 1970Thu Jan 01 00:10:00 IST 197013Thu Jan 01 00:00:30 IST 1970RPTC30S16M3Sch.
2015-12-16 15:03:42,979 - GAS_proj - INFO - Created event: 5D84DE08-D458-4B68-B5AF-F0CDBACC6134
2015-12-16 15:03:42,979 - GAS_proj - INFO - Created event: 2EB0E70C-3289-4A22-8D3E-4252F6DBC356
2015-12-16 15:03:42,980 - GAS_proj - INFO - Created event: 5C8DF953-C401-4AD5-84EE-15C891957A6E
2015-12-16 15:03:42,981 - GAS_proj - INFO - Created event: A3E970AA-DB50-4723-A3A2-A0A83B5F4A48
2015-12-16 15:06:18,439 - GAS_proj - INFO - New CCMS Scheduled Info B1801001 created successfully
2015-12-16 15:06:18,441 - GAS_proj - ERROR - Cant deserialize event: Wed Nov 18 00:00:00 IST 1970nullnullnull00nullnullnull
2015-12-16 15:06:18,443 - GAS_proj - INFO - Created event: 6C222590-9134-4427-80B3-29C500BBDFA5
2015-12-16 15:06:18,444 - GAS_proj - INFO - Created event: 748D7EF2-7376-4B1D-81D1-2E6D369B5975
2015-12-16 15:06:18,444 - GAS_proj - INFO - Created event: 03E84A26-BE71-496B-AED9-4BB0FB08DA4B
2015-12-16 15:06:18,445 - GAS_proj - INFO - Created event: A5CA16BC-EB2A-4ED4-96EB-DDDC4D41E485
2015-12-16 15:06:18,446 - GAS_proj - INFO - New CCMS Scheduled Info B1801003 created successfully
2015-12-16 15:06:18,446 - GAS_proj - ERROR - Cant deserialize event: Wed Nov 18 00:00:00 IST 1970Thu Jan 01 09:00:00 IST 1970Thu Jan 01 09:00:00 IST 1970Thu Jan 01 00:10:00 IST 197013Thu Jan 01 00:00:30 IST 1970RPTC30S16M3Sch.
2015-12-16 15:06:18,447 - GAS_proj - INFO - Created event: C8E2A196-EFA5-4239-8D4D-BA7E4EDC05A2
2015-12-16 15:06:18,448 - GAS_proj - INFO - Created event: 5021F0E0-A1C5-4E72-9175-D41074684A7C
2015-12-16 15:06:18,448 - GAS_proj - INFO - Created event: 7D5751C7-A8E2-4C3C-8A2E-3C41A01679A9
2015-12-16 15:06:18,449 - GAS_proj - INFO - Created event: 8BBA9D97-920D-41DD-8B1F-0B6C52631689
2015-12-16 15:06:18,450 - GAS_proj - INFO - New CCMS Scheduled Info B1801004 created successfully
2015-12-16 15:06:18,450 - GAS_proj - ERROR - Cant deserialize event: Wed Nov 18 00:00:00 IST 1970Thu Jan 01 09:00:00 IST 1970Thu Jan 01 09:00:00 IST 1970Thu Jan 01 00:10:00 IST 197013Thu Jan 01 00:00:30 IST 1970RPTC30S16M3Sch.
2015-12-16 15:06:18,451 - GAS_proj - INFO - Created event: A778714E-A8F4-4669-AA23-F9209EFCEB8E
2015-12-16 15:06:18,452 - GAS_proj - INFO - Created event: A2CE34A0-F0B3-4740-BFF0-72561379B5E1
2015-12-16 15:06:18,452 - GAS_proj - INFO - Created event: 9586F46F-7090-4131-A09C-2156B0336959
2015-12-16 15:06:18,453 - GAS_proj - INFO - Created event: 3B8E0981-F85D-4C09-8C6F-BF2922ECF739
2015-12-16 15:07:01,655 - GAS_proj - INFO - Created event: 731CF3E0-8197-497E-BEF3-CB6699E607BB
2015-12-16 15:07:43,932 - GAS_proj - ERROR - duplicate event
2015-12-16 15:08:37,002 - GAS_proj - INFO - Created event: BF52ECD2-4A28-452A-8C41-4552D814E8C7
2015-12-16 15:09:49,476 - GAS_proj - INFO - New CCMS Scheduled Info B1801001 created successfully
2015-12-16 15:09:49,476 - GAS_proj - ERROR - Cant deserialize event: Wed Nov 18 00:00:00 IST 1970Thu Jan 01 09:00:00 IST 1970Thu Jan 01 09:00:00 IST 1970Thu Jan 01 00:10:00 IST 197012Thu Jan 01 00:00:30 IST 1970RPTC30S16M2Sch.
2015-12-16 15:09:49,477 - GAS_proj - INFO - Created event: 86F30880-ABCE-435F-A957-7F61BE47A125
2015-12-16 15:09:49,478 - GAS_proj - INFO - Created event: 12D0FBC0-FA87-4BF8-806E-E6E2B5CB8CCB
2015-12-16 15:09:49,479 - GAS_proj - INFO - Created event: CD65E9B8-5535-4237-8DE2-7C8FB5B0042A
2015-12-16 15:09:49,480 - GAS_proj - INFO - Created event: A6451369-24AA-486D-A64F-BB472F913ED1
2015-12-16 15:09:49,480 - GAS_proj - INFO - New CCMS Scheduled Info B1801003 created successfully
2015-12-16 15:09:49,481 - GAS_proj - ERROR - Cant deserialize event: Wed Nov 18 00:00:00 IST 1970Thu Jan 01 09:00:00 IST 1970Thu Jan 01 09:00:00 IST 1970Thu Jan 01 00:10:00 IST 197013Thu Jan 01 00:00:30 IST 1970RPTC30S16M3Sch.
2015-12-16 15:09:49,482 - GAS_proj - INFO - Created event: 9097A796-5450-49BB-B8DE-82315A44C26F
2015-12-16 15:09:49,483 - GAS_proj - INFO - Created event: 62DA9C38-377C-44E7-B836-FE914C5CDA26
2015-12-16 15:09:49,484 - GAS_proj - INFO - Created event: 71630497-2573-422A-B134-F41F6619AB0A
2015-12-16 15:09:49,484 - GAS_proj - INFO - Created event: D75AA567-2B2E-4A7A-A863-7C680AAD9E3F
2015-12-16 15:09:49,485 - GAS_proj - INFO - New CCMS Scheduled Info B1801004 created successfully
2015-12-16 15:09:49,486 - GAS_proj - ERROR - Cant deserialize event: Wed Nov 18 00:00:00 IST 1970Thu Jan 01 09:00:00 IST 1970Thu Jan 01 09:00:00 IST 1970Thu Jan 01 00:10:00 IST 197013Thu Jan 01 00:00:30 IST 1970RPTC30S16M3Sch.
2015-12-16 15:09:49,486 - GAS_proj - INFO - Created event: D13EE62C-07BC-423B-B75E-161C348E8774
2015-12-16 15:09:49,487 - GAS_proj - INFO - Created event: 419AA128-8E21-4BAE-965E-2F931E1FF7AD
2015-12-16 15:09:49,488 - GAS_proj - INFO - Created event: 18C52F26-5742-475D-B0A8-ACB21ECC6037
2015-12-16 15:09:49,488 - GAS_proj - INFO - Created event: 20A6618A-F8C9-4738-AF15-C5A104C1430B
2015-12-16 15:10:32,950 - GAS_proj - INFO - Created event: 46F4DE3B-247F-4B41-9D09-899EF1247A8F
2015-12-16 15:11:17,190 - GAS_proj - INFO - Created event: 545FE0E3-FB60-4097-AF56-006794FD7054
2015-12-17 10:09:13,942 - GAS_proj - INFO - New CCMS Scheduled Info B1801001 created successfully
2015-12-17 10:09:13,947 - GAS_proj - ERROR - Cant deserialize event: Wed Nov 18 00:00:00 IST 1970nullnullnull00nullnullnull
2015-12-17 10:09:13,950 - GAS_proj - INFO - Created event: 1873F645-5BF4-455C-A57F-33CD90C3EEEF
2015-12-17 10:09:13,951 - GAS_proj - INFO - Created event: 9C3E4774-2794-44C4-B19D-B402EC3D91DD
2015-12-17 10:09:13,952 - GAS_proj - INFO - Created event: 5BDA6603-97A5-4ABF-AA34-756D4C1F0310
2015-12-17 10:09:13,952 - GAS_proj - INFO - Created event: 125260EE-9B4F-4FEB-92C9-CDAA72A60F83
2015-12-17 10:09:13,953 - GAS_proj - INFO - New CCMS Scheduled Info B1801003 created successfully
2015-12-17 10:09:13,953 - GAS_proj - ERROR - Cant deserialize event: Wed Nov 18 00:00:00 IST 1970Thu Jan 01 09:00:00 IST 1970Thu Jan 01 09:00:00 IST 1970Thu Jan 01 00:10:00 IST 197013Thu Jan 01 00:00:30 IST 1970RPTC30S16M3Sch.
2015-12-17 10:09:13,954 - GAS_proj - INFO - Created event: 928C184B-5A97-4C4B-A4BF-86A1CE3F8667
2015-12-17 10:09:13,955 - GAS_proj - INFO - Created event: 8BF98F80-6603-4D8B-9293-AB5D0FD8552B
2015-12-17 10:09:13,956 - GAS_proj - INFO - Created event: 631DA31E-843B-4605-ABD6-EB771B561DDE
2015-12-17 10:09:13,956 - GAS_proj - INFO - Created event: DDF884A8-8FEE-43A2-AD22-65C8DCE3090B
2015-12-17 10:09:13,957 - GAS_proj - INFO - New CCMS Scheduled Info B1801004 created successfully
2015-12-17 10:09:13,957 - GAS_proj - ERROR - Cant deserialize event: Wed Nov 18 00:00:00 IST 1970Thu Jan 01 09:00:00 IST 1970Thu Jan 01 09:00:00 IST 1970Thu Jan 01 00:10:00 IST 197013Thu Jan 01 00:00:30 IST 1970RPTC30S16M3Sch.
2015-12-17 10:09:13,958 - GAS_proj - INFO - Created event: 5D408EDE-1ED9-468A-BFB3-AF83D1A84AF8
2015-12-17 10:09:13,959 - GAS_proj - INFO - Created event: E1F0549F-07BF-495D-874E-12365C24A340
2015-12-17 10:09:13,959 - GAS_proj - INFO - Created event: 4BC6AB2C-0D79-470E-9D6F-CF2600793D75
2015-12-17 10:09:13,960 - GAS_proj - INFO - Created event: 6D18A8CC-79B0-4866-A560-E6E44BA67365
2015-12-17 10:09:54,421 - GAS_proj - INFO - Created event: F63B31B7-4190-49CF-ACAA-05B7E60071C7
2015-12-17 11:26:19,017 - GAS_proj - INFO - Created event: 40B61BCB-6DC7-4BCD-89BC-333C5B0ED1D7
2015-12-17 11:52:59,188 - GAS_proj - INFO - New CCMS Scheduled Info B1801001 created successfully
2015-12-17 11:52:59,190 - GAS_proj - ERROR - Cant deserialize event: Wed Nov 18 00:00:00 IST 1970nullnullnull00nullnullnull
2015-12-17 11:52:59,193 - GAS_proj - INFO - Created event: 5BE85672-5B56-4D51-8FC8-2E9AD65305E7
2015-12-17 11:52:59,194 - GAS_proj - INFO - Created event: CB189347-D3E0-4A58-BCC7-7525EFCEEFF4
2015-12-17 11:52:59,194 - GAS_proj - INFO - Created event: 88093D0C-268F-40AF-B105-515FCB2D3ECB
2015-12-17 11:52:59,195 - GAS_proj - INFO - Created event: 21285E9C-6771-44C3-AC70-12957E80B031
2015-12-17 11:52:59,196 - GAS_proj - INFO - New CCMS Scheduled Info B1801003 created successfully
2015-12-17 11:52:59,196 - GAS_proj - ERROR - Cant deserialize event: Wed Nov 18 00:00:00 IST 1970Thu Jan 01 09:00:00 IST 1970Thu Jan 01 09:00:00 IST 1970Thu Jan 01 00:10:00 IST 197013Thu Jan 01 00:00:30 IST 1970RPTC30S16M3Sch.
2015-12-17 11:52:59,197 - GAS_proj - INFO - Created event: E11C9EDA-700C-44FA-88B3-60BB58732DED
2015-12-17 11:52:59,198 - GAS_proj - INFO - Created event: 8FCE2F7A-B28E-465E-8DC4-5EF3C0B1D1B7
2015-12-17 11:52:59,199 - GAS_proj - INFO - Created event: 7CBCF0B0-BF56-487D-8659-A2F79661AFC1
2015-12-17 11:52:59,199 - GAS_proj - INFO - Created event: 2062ADCA-1A04-4D2A-A9CA-8F63B2AD1CD7
2015-12-17 11:52:59,200 - GAS_proj - INFO - New CCMS Scheduled Info B1801004 created successfully
2015-12-17 11:52:59,200 - GAS_proj - ERROR - Cant deserialize event: Wed Nov 18 00:00:00 IST 1970Thu Jan 01 09:00:00 IST 1970Thu Jan 01 09:00:00 IST 1970Thu Jan 01 00:10:00 IST 197013Thu Jan 01 00:00:30 IST 1970RPTC30S16M3Sch.
2015-12-17 11:52:59,201 - GAS_proj - INFO - Created event: F62639EB-F621-4FAF-A0F4-D2371CB917E1
2015-12-17 11:52:59,202 - GAS_proj - INFO - Created event: FBBEC6C8-B301-4623-BF38-165B0A291780
2015-12-17 11:52:59,203 - GAS_proj - INFO - Created event: 904292D9-EC2A-4FB6-8C06-76C25C1828B2
2015-12-17 11:52:59,204 - GAS_proj - INFO - Created event: 851A6623-8C16-4534-BBD6-5A2F48AF973E
2015-12-17 12:12:36,751 - GAS_proj - INFO - New CCMS Scheduled Info B1801001 created successfully
2015-12-17 12:12:36,753 - GAS_proj - ERROR - Cant deserialize event: Wed Nov 18 00:00:00 IST 1970nullnullnull00nullnullnull
2015-12-17 12:12:36,755 - GAS_proj - INFO - Created event: D3E30BCF-2227-4622-A7CF-C7A7FE5A6E93
2015-12-17 12:12:36,758 - GAS_proj - INFO - Created event: B1FA07D2-A635-4752-BFFB-3918CD0900FD
2015-12-17 12:12:36,760 - GAS_proj - INFO - Created event: E5575BD7-A44E-491E-BC42-50D42787DD55
2015-12-17 12:12:36,763 - GAS_proj - INFO - Created event: 8CB5E7DF-328C-41F2-AD1C-9BA7A6560792
2015-12-17 12:12:36,765 - GAS_proj - INFO - New CCMS Scheduled Info B1801003 created successfully
2015-12-17 12:12:36,766 - GAS_proj - ERROR - Cant deserialize event: Wed Nov 18 00:00:00 IST 1970Thu Jan 01 09:00:00 IST 1970Thu Jan 01 09:00:00 IST 1970Thu Jan 01 00:10:00 IST 197013Thu Jan 01 00:00:30 IST 1970RPTC30S16M3Sch.
2015-12-17 12:12:36,767 - GAS_proj - INFO - Created event: FE0F8CB8-1875-410A-9E2E-DC43EF462077
2015-12-17 12:12:36,771 - GAS_proj - INFO - Created event: F92854EA-5E2E-43A5-87B6-BC2CFA66B580
2015-12-17 12:12:36,775 - GAS_proj - INFO - Created event: 3889C724-A093-4F47-A722-6B628CC83BD8
2015-12-17 12:12:36,779 - GAS_proj - INFO - Created event: 7C0928DB-8E2E-44BB-BFB3-4C2857FFD03E
2015-12-17 12:12:36,784 - GAS_proj - INFO - New CCMS Scheduled Info B1801004 created successfully
2015-12-17 12:12:36,784 - GAS_proj - ERROR - Cant deserialize event: Wed Nov 18 00:00:00 IST 1970Thu Jan 01 09:00:00 IST 1970Thu Jan 01 09:00:00 IST 1970Thu Jan 01 00:10:00 IST 197013Thu Jan 01 00:00:30 IST 1970RPTC30S16M3Sch.
2015-12-17 12:12:36,786 - GAS_proj - INFO - Created event: B5508B87-60A8-44E0-89D8-3C46D422A6D8
2015-12-17 12:12:36,791 - GAS_proj - INFO - Created event: 04EA6544-9815-42EE-BE9F-3F21D8F6B8DB
2015-12-17 12:12:36,797 - GAS_proj - INFO - Created event: 08FD8B48-9308-4D19-A204-B700C54F5029
2015-12-17 12:12:36,803 - GAS_proj - INFO - Created event: 47EA4D98-B91F-43FF-8087-09D210AFF060
2015-12-17 12:13:22,283 - GAS_proj - INFO - Created event: 375B8985-EEEA-457C-92D9-06C3870A4FC0
2015-12-17 12:18:42,082 - GAS_proj - ERROR - This avail overlaped another avail
2015-12-17 12:19:30,315 - GAS_proj - INFO - New CCMS Scheduled Info B1801001 created successfully
2015-12-17 12:19:30,315 - GAS_proj - ERROR - Cant deserialize event: Wed Nov 18 00:00:00 IST 1970Thu Jan 01 09:00:00 IST 1970Thu Jan 01 09:00:00 IST 1970Thu Jan 01 00:10:00 IST 197012Thu Jan 01 00:00:30 IST 1970RPTC30S16M2Sch.
2015-12-17 12:19:30,317 - GAS_proj - INFO - Created event: 92A90549-6CD4-4D6A-ACA6-50C4268CD044
2015-12-17 12:19:30,326 - GAS_proj - INFO - Created event: 2FDB6477-2294-4060-A99A-A2616B08C718
2015-12-17 12:19:30,333 - GAS_proj - INFO - Created event: 6A4AB53F-9F90-4E50-9A99-B058F1FAE414
2015-12-17 12:19:30,340 - GAS_proj - INFO - Created event: EFDC8BF7-7F62-4342-BD4B-4C1338DD1A18
2015-12-17 12:19:30,347 - GAS_proj - INFO - New CCMS Scheduled Info B1801003 created successfully
2015-12-17 12:19:30,347 - GAS_proj - ERROR - Cant deserialize event: Wed Nov 18 00:00:00 IST 1970Thu Jan 01 09:00:00 IST 1970Thu Jan 01 09:00:00 IST 1970Thu Jan 01 00:10:00 IST 197013Thu Jan 01 00:00:30 IST 1970RPTC30S16M3Sch.
2015-12-17 12:19:30,348 - GAS_proj - INFO - Created event: BCF53894-F11F-4A28-913D-7B1E705AC2F5
2015-12-17 12:19:30,354 - GAS_proj - INFO - Created event: 066B6FF7-B121-4E79-ABC0-5EB3398E65B1
2015-12-17 12:19:30,361 - GAS_proj - INFO - Created event: 05E2E4C6-233F-4FA3-A966-6C0387A3961B
2015-12-17 12:19:30,367 - GAS_proj - INFO - Created event: 70AA7A21-50CB-4394-B179-3A6FB635424D
2015-12-17 12:19:30,374 - GAS_proj - INFO - New CCMS Scheduled Info B1801004 created successfully
2015-12-17 12:19:30,374 - GAS_proj - ERROR - Cant deserialize event: Wed Nov 18 00:00:00 IST 1970Thu Jan 01 09:00:00 IST 1970Thu Jan 01 09:00:00 IST 1970Thu Jan 01 00:10:00 IST 197013Thu Jan 01 00:00:30 IST 1970RPTC30S16M3Sch.
2015-12-17 12:19:30,375 - GAS_proj - INFO - Created event: A04FBCB1-9BFF-40E2-9F9B-D1EABE9A54DB
2015-12-17 12:19:30,382 - GAS_proj - INFO - Created event: 1F14CF0C-44E9-4DF4-ADEA-8EF0EE4ABBD4
2015-12-17 12:19:30,388 - GAS_proj - INFO - Created event: 2850CD4D-E4AE-4E32-B031-1F53BFFDF1D3
2015-12-17 12:19:30,395 - GAS_proj - INFO - Created event: B2866B30-CC41-4FDF-9ED6-3B7E31592AA4
2015-12-17 12:19:54,428 - GAS_proj - ERROR - This avail overlaped another avail
2015-12-17 12:21:40,685 - GAS_proj - INFO - New CCMS Scheduled Info B1801001 created successfully
2015-12-17 12:21:40,687 - GAS_proj - ERROR - Cant deserialize event: Wed Nov 18 00:00:00 IST 1970nullnullnull00nullnullnull
2015-12-17 12:21:40,689 - GAS_proj - INFO - Created event: 9DEDAD96-FD9C-4EF1-9270-E31AD97E1DEA
2015-12-17 12:21:40,693 - GAS_proj - INFO - Created event: 27654FB7-8C86-4DC5-B29E-D8D34F80F9F6
2015-12-17 12:21:40,695 - GAS_proj - INFO - Created event: 557F5B65-9ABB-44EA-85F5-B99B1E7FDD95
2015-12-17 12:21:40,698 - GAS_proj - INFO - Created event: 5ED90970-3FAD-4ED3-A06C-8CF6551AE972
2015-12-17 12:21:40,700 - GAS_proj - INFO - New CCMS Scheduled Info B1801003 created successfully
2015-12-17 12:21:40,701 - GAS_proj - ERROR - Cant deserialize event: Wed Nov 18 00:00:00 IST 1970Thu Jan 01 09:00:00 IST 1970Thu Jan 01 09:00:00 IST 1970Thu Jan 01 00:10:00 IST 197013Thu Jan 01 00:00:30 IST 1970RPTC30S16M3Sch.
2015-12-17 12:21:40,702 - GAS_proj - INFO - Created event: F748469E-D40E-4CA1-998B-15BFD326FC41
2015-12-17 12:21:40,705 - GAS_proj - INFO - Created event: 3C1B5146-59E5-4891-A1D5-9D7E68B5B65E
2015-12-17 12:21:40,709 - GAS_proj - INFO - Created event: 52B2C0FD-0199-48E3-A0E8-760E3FD40F0E
2015-12-17 12:21:40,713 - GAS_proj - INFO - Created event: B99436FB-8692-429A-BADC-A8BBD4D57481
2015-12-17 12:21:40,717 - GAS_proj - INFO - New CCMS Scheduled Info B1801004 created successfully
2015-12-17 12:21:40,718 - GAS_proj - ERROR - Cant deserialize event: Wed Nov 18 00:00:00 IST 1970Thu Jan 01 09:00:00 IST 1970Thu Jan 01 09:00:00 IST 1970Thu Jan 01 00:10:00 IST 197013Thu Jan 01 00:00:30 IST 1970RPTC30S16M3Sch.
2015-12-17 12:21:40,718 - GAS_proj - INFO - Created event: 2380AF5E-528F-4820-A1DE-0B1FF2285A2B
2015-12-17 12:21:40,723 - GAS_proj - INFO - Created event: F0214969-35CF-4E1A-B241-BA9734BFCFD2
2015-12-17 12:21:40,729 - GAS_proj - INFO - Created event: EC5C5ED3-9A7A-458F-8AF0-92458D13CDF8
2015-12-17 12:21:40,734 - GAS_proj - INFO - Created event: 61FA53EC-41B6-4E7C-831B-FAAEB43C534A
2015-12-17 12:22:40,822 - GAS_proj - ERROR - This avail overlaped another avail
2015-12-17 12:26:10,328 - GAS_proj - INFO - New CCMS Scheduled Info B1801001 created successfully
2015-12-17 12:26:10,330 - GAS_proj - ERROR - Cant deserialize event: Wed Nov 18 00:00:00 IST 1970nullnullnull00nullnullnull
2015-12-17 12:26:10,332 - GAS_proj - INFO - Created event: 2B43545A-1A27-4996-B67D-818A44D1B3FF
2015-12-17 12:26:10,336 - GAS_proj - INFO - Created event: F0D1B636-11D4-4E04-934E-4DB167E964EC
2015-12-17 12:26:10,338 - GAS_proj - INFO - Created event: B4986154-1686-4D91-A8DC-A7564D27FE8A
2015-12-17 12:26:10,341 - GAS_proj - INFO - Created event: 2389A892-0861-467E-BCED-0B6EA68EA5FE
2015-12-17 12:26:10,344 - GAS_proj - INFO - New CCMS Scheduled Info B1801003 created successfully
2015-12-17 12:26:10,344 - GAS_proj - ERROR - Cant deserialize event: Wed Nov 18 00:00:00 IST 1970Thu Jan 01 09:00:00 IST 1970Thu Jan 01 09:00:00 IST 1970Thu Jan 01 00:10:00 IST 197013Thu Jan 01 00:00:30 IST 1970RPTC30S16M3Sch.
2015-12-17 12:26:10,345 - GAS_proj - INFO - Created event: 4E759CB6-31E6-4196-8771-716ADEA5A537
2015-12-17 12:26:10,349 - GAS_proj - INFO - Created event: AF514CD7-E4C2-4D1F-8896-8B024698C945
2015-12-17 12:26:10,353 - GAS_proj - INFO - Created event: D1BF3002-EF4A-4E89-9F09-AFB3CB11C62C
2015-12-17 12:26:10,357 - GAS_proj - INFO - Created event: C18E384C-EBD9-442C-84A0-DAE0CBAD7177
2015-12-17 12:26:10,362 - GAS_proj - INFO - New CCMS Scheduled Info B1801004 created successfully
2015-12-17 12:26:10,362 - GAS_proj - ERROR - Cant deserialize event: Wed Nov 18 00:00:00 IST 1970Thu Jan 01 09:00:00 IST 1970Thu Jan 01 09:00:00 IST 1970Thu Jan 01 00:10:00 IST 197013Thu Jan 01 00:00:30 IST 1970RPTC30S16M3Sch.
2015-12-17 12:26:10,363 - GAS_proj - INFO - Created event: 59906A47-5A12-495E-82B8-39550C1EEA88
2015-12-17 12:26:10,368 - GAS_proj - INFO - Created event: 1883A8DE-11FA-4E61-88EA-05FC3C05F49E
2015-12-17 12:26:10,374 - GAS_proj - INFO - Created event: 3B10A8B5-A0BD-460D-8AA0-0BEFB2198B17
2015-12-17 12:26:10,380 - GAS_proj - INFO - Created event: 8D5677F2-5777-4923-8D6F-9A4A67AE3BFB
2015-12-17 12:26:52,505 - GAS_proj - INFO - Created event: 93BA1B92-7766-4109-8787-6C15D6F7A6FC
2015-12-17 12:27:24,354 - GAS_proj - ERROR - This avail overlaped another avail
2015-12-17 12:28:27,429 - GAS_proj - ERROR - This avail overlaped another avail
2015-12-17 12:28:56,717 - GAS_proj - ERROR - This avail overlaped another avail
2015-12-17 12:30:10,346 - GAS_proj - INFO - New CCMS Scheduled Info B1801001 created successfully
2015-12-17 12:30:10,348 - GAS_proj - ERROR - Cant deserialize event: Wed Nov 18 00:00:00 IST 1970nullnullnull00nullnullnull
2015-12-17 12:30:10,351 - GAS_proj - INFO - Created event: F1FEB39A-2682-4290-A5D4-AB1687FD3507
2015-12-17 12:30:10,357 - GAS_proj - INFO - Created event: 97F501A2-AE4C-4B95-8673-882FA5FA5177
2015-12-17 12:30:10,360 - GAS_proj - INFO - Created event: EE1DF8DF-C316-48DC-B7B4-1C313CBEF707
2015-12-17 12:30:10,363 - GAS_proj - INFO - Created event: 6075FA9E-5FDD-4F2A-9A04-1148278D34A7
2015-12-17 12:30:10,366 - GAS_proj - INFO - New CCMS Scheduled Info B1801003 created successfully
2015-12-17 12:30:10,366 - GAS_proj - ERROR - Cant deserialize event: Wed Nov 18 00:00:00 IST 1970Thu Jan 01 09:00:00 IST 1970Thu Jan 01 09:00:00 IST 1970Thu Jan 01 00:10:00 IST 197013Thu Jan 01 00:00:30 IST 1970RPTC30S16M3Sch.
2015-12-17 12:30:10,367 - GAS_proj - INFO - Created event: 2452C9C5-289E-4EBF-B8E5-701D42A1A075
2015-12-17 12:30:10,371 - GAS_proj - INFO - Created event: ED47658D-3A5E-4AA6-AEAD-64A69D237897
2015-12-17 12:30:10,375 - GAS_proj - INFO - Created event: B175D50C-1A81-4EE9-BC24-D4545F66486D
2015-12-17 12:30:10,379 - GAS_proj - INFO - Created event: BE98E438-ACA8-4A02-849B-90BC156A7F84
2015-12-17 12:30:10,383 - GAS_proj - INFO - New CCMS Scheduled Info B1801004 created successfully
2015-12-17 12:30:10,384 - GAS_proj - ERROR - Cant deserialize event: Wed Nov 18 00:00:00 IST 1970Thu Jan 01 09:00:00 IST 1970Thu Jan 01 09:00:00 IST 1970Thu Jan 01 00:10:00 IST 197013Thu Jan 01 00:00:30 IST 1970RPTC30S16M3Sch.
2015-12-17 12:30:10,384 - GAS_proj - INFO - Created event: F6496A1F-1ACE-476E-982F-1E79423FD540
2015-12-17 12:30:10,389 - GAS_proj - INFO - Created event: 37125189-212B-4F6B-93BB-AEA23EDDE31F
2015-12-17 12:30:10,395 - GAS_proj - INFO - Created event: 3E28B4CE-4E10-40FA-8A6E-CC5380A4D4F8
2015-12-17 12:30:10,401 - GAS_proj - INFO - Created event: C7FEF154-8E80-4B72-A527-0C5761668C27
2015-12-17 12:30:38,805 - GAS_proj - ERROR - This avail overlaped another avail
2015-12-17 12:33:48,557 - GAS_proj - INFO - New CCMS Scheduled Info B1801001 created successfully
2015-12-17 12:33:48,561 - GAS_proj - ERROR - Cant deserialize event: Wed Nov 18 00:00:00 IST 1970nullnullnull00nullnullnull
2015-12-17 12:33:48,563 - GAS_proj - INFO - Created event: D9E44CDA-4C1B-443F-9467-4CE58B47A4EB
2015-12-17 12:33:48,567 - GAS_proj - INFO - Created event: 6464BEA2-48A1-4AD6-83AD-4549386AF03F
2015-12-17 12:33:48,569 - GAS_proj - INFO - Created event: 3A0E371C-27F6-437F-8096-E3019F024994
2015-12-17 12:33:48,572 - GAS_proj - INFO - Created event: 345A0988-1927-4367-B1CE-501A7E7A5F9D
2015-12-17 12:33:48,578 - GAS_proj - INFO - New CCMS Scheduled Info B1801003 created successfully
2015-12-17 12:33:48,580 - GAS_proj - ERROR - Cant deserialize event: Wed Nov 18 00:00:00 IST 1970Thu Jan 01 09:00:00 IST 1970Thu Jan 01 09:00:00 IST 1970Thu Jan 01 00:10:00 IST 197013Thu Jan 01 00:00:30 IST 1970RPTC30S16M3Sch.
2015-12-17 12:33:48,581 - GAS_proj - INFO - Created event: E668E4E2-2EA4-459C-BFE6-911EC2FCCA38
2015-12-17 12:33:48,586 - GAS_proj - INFO - Created event: 5C4048AE-0CD0-4A90-97B8-1C1530D5D4E0
2015-12-17 12:33:48,591 - GAS_proj - INFO - Created event: 5832DFA7-C7FF-4EB2-B37A-678198353178
2015-12-17 12:33:48,599 - GAS_proj - INFO - Created event: 15AC5F0C-DE87-4CF1-854E-935F463809CA
2015-12-17 12:33:48,604 - GAS_proj - INFO - New CCMS Scheduled Info B1801004 created successfully
2015-12-17 12:33:48,604 - GAS_proj - ERROR - Cant deserialize event: Wed Nov 18 00:00:00 IST 1970Thu Jan 01 09:00:00 IST 1970Thu Jan 01 09:00:00 IST 1970Thu Jan 01 00:10:00 IST 197013Thu Jan 01 00:00:30 IST 1970RPTC30S16M3Sch.
2015-12-17 12:33:48,605 - GAS_proj - INFO - Created event: 119134DB-FDA5-4614-B212-D7271808D4D2
2015-12-17 12:33:48,611 - GAS_proj - INFO - Created event: 74C848FD-34AC-4B08-8C2D-C4133E00F03E
2015-12-17 12:33:48,617 - GAS_proj - INFO - Created event: FEA9D16E-A126-494C-91CC-19B6D52E8B50
2015-12-17 12:33:48,622 - GAS_proj - INFO - Created event: 6607E93A-68EE-43C4-B027-58EA491D6963
2015-12-17 12:35:38,385 - GAS_proj - ERROR - This avail overlaped another avail
